#
# A fatal error has been detected by the Java Runtime Environment:
#
#  EXCEPTION_ACCESS_VIOLATION (0xc0000005) at pc=0x00007ffbd772b766, pid=2524, tid=11412
#
# JRE version: Java(TM) SE Runtime Environment (14.0.1+7) (build 14.0.1+7)
# Java VM: Java HotSpot(TM) 64-Bit Server VM (14.0.1+7, mixed mode, sharing, tiered, compressed oops, g1 gc, windows-amd64)
# Problematic frame:
# C  [glass.dll+0x1b766]
#
# No core dump will be written. Minidumps are not enabled by default on client versions of Windows
#
# If you would like to submit a bug report, please visit:
#   https://bugreport.java.com/bugreport/crash.jsp
# The crash happened outside the Java Virtual Machine in native code.
# See problematic frame for where to report the bug.
#

---------------  S U M M A R Y ------------

Command Line: --add-modules=javafx.controls,javafx.fxml --module-path=C:\Users\vitto\.gradle\caches\modules-2\files-2.1\org.openjfx\javafx-fxml\14\71c819f0445fc613f631698c495d9ae92a35b041\javafx-fxml-14-win.jar;C:\Users\vitto\.gradle\caches\modules-2\files-2.1\org.openjfx\javafx-controls\14\f0f836ec9d1dd5ce0f3776cd2a87949e5191e085\javafx-controls-14-win.jar;C:\Users\vitto\.gradle\caches\modules-2\files-2.1\org.openjfx\javafx-graphics\14\ed1f8b8c5893d2d62e7c1fc66c9ba06dfe02787d\javafx-graphics-14-win.jar;C:\Users\vitto\.gradle\caches\modules-2\files-2.1\org.openjfx\javafx-base\14\956a9be2db3fe917ebfc24c2d04ab0cb5d6714c7\javafx-base-14-win.jar -Dfile.encoding=windows-1252 -Duser.country=US -Duser.language=en -Duser.variant it.unicam.cs.pa.jbudget100763.Main

Host: Intel(R) Core(TM) i7-7700HQ CPU @ 2.80GHz, 8 cores, 15G,  Windows 10 , 64 bit Build 18362 (10.0.18362.778)
Time: Sat Jun  6 16:20:27 2020 W. Europe Daylight Time elapsed time: 9 seconds (0d 0h 0m 9s)

---------------  T H R E A D  ---------------

Current thread (0x000001fc22b27800):  JavaThread "JavaFX Application Thread" [_thread_in_native, id=11412, stack(0x000000d056600000,0x000000d056700000)]

Stack: [0x000000d056600000,0x000000d056700000],  sp=0x000000d0566fdf20,  free space=1015k
Native frames: (J=compiled Java code, j=interpreted, Vv=VM code, C=native code)
C  [glass.dll+0x1b766]

Java frames: (J=compiled Java code, j=interpreted, Vv=VM code)
j  com.sun.glass.ui.win.WinWindow._close(J)Z+0 javafx.graphics
j  com.sun.glass.ui.Window.close()V+63 javafx.graphics
j  com.sun.glass.ui.win.WinWindow.close()V+8 javafx.graphics
j  com.sun.glass.ui.Application.terminate()V+75 javafx.graphics
j  com.sun.javafx.tk.quantum.QuantumToolkit.lambda$exit$13()Ljava/lang/Object;+5 javafx.graphics
j  com.sun.javafx.tk.quantum.QuantumToolkit$$Lambda$487.get()Ljava/lang/Object;+0 javafx.graphics
j  com.sun.javafx.tk.quantum.QuantumToolkit.runWithRenderLock(Ljava/util/function/Supplier;)Ljava/lang/Object;+7 javafx.graphics
j  com.sun.javafx.tk.quantum.QuantumToolkit.exit()V+26 javafx.graphics
j  com.sun.javafx.application.PlatformImpl.lambda$tkExit$16()V+3 javafx.graphics
j  com.sun.javafx.application.PlatformImpl$$Lambda$486.run()V+0 javafx.graphics
j  com.sun.javafx.application.PlatformImpl.lambda$runAndWait$12(Ljava/lang/Runnable;Ljava/util/concurrent/CountDownLatch;)V+1 javafx.graphics
j  com.sun.javafx.application.PlatformImpl$$Lambda$83.run()V+8 javafx.graphics
j  com.sun.javafx.application.PlatformImpl.lambda$runLater$10(Ljava/lang/Runnable;)Ljava/lang/Void;+1 javafx.graphics
j  com.sun.javafx.application.PlatformImpl$$Lambda$85.run()Ljava/lang/Object;+4 javafx.graphics
J 2101 c1 java.security.AccessController.doPrivileged(Ljava/security/PrivilegedAction;Ljava/security/AccessControlContext;)Ljava/lang/Object; java.base@14.0.1 (17 bytes) @ 0x000001fc09014e64 [0x000001fc09014c80+0x00000000000001e4]
j  com.sun.javafx.application.PlatformImpl.lambda$runLater$11(Ljava/lang/Runnable;Ljava/security/AccessControlContext;)V+7 javafx.graphics
j  com.sun.javafx.application.PlatformImpl$$Lambda$84.run()V+8 javafx.graphics
j  com.sun.glass.ui.InvokeLaterDispatcher$Future.run()V+4 javafx.graphics
v  ~StubRoutines::call_stub
j  com.sun.glass.ui.win.WinApplication._runLoop(Ljava/lang/Runnable;)V+0 javafx.graphics
j  com.sun.glass.ui.win.WinApplication.lambda$runLoop$3(ILjava/lang/Runnable;)V+8 javafx.graphics
j  com.sun.glass.ui.win.WinApplication$$Lambda$73.run()V+12 javafx.graphics
j  java.lang.Thread.run()V+11 java.base@14.0.1
v  ~StubRoutines::call_stub

siginfo: EXCEPTION_ACCESS_VIOLATION (0xc0000005), reading address 0x0000000000000130


Register to memory mapping:

RIP=0x00007ffbd772b766 glass.dll
RAX=0x0 is NULL
RBX=0x0 is NULL
RCX=0x0 is NULL
RDX=0x0 is NULL
RSP=0x000000d0566fdf20 is pointing into the stack for thread: 0x000001fc22b27800
RBP=0x0 is NULL
RSI=0x000001fc22b127b0 points into unknown readable memory: 48 8c 73 d7 fb 7f 00 00
RDI=0x000000d0566fe2a0 is pointing into the stack for thread: 0x000001fc22b27800
R8 =0x000000d0566fe2a0 is pointing into the stack for thread: 0x000001fc22b27800
R9 =0x0 is NULL
R10=0x00007ffbd7738c48 glass.dll
R11=0x0000000000000246 is an unknown value
R12=0x0000000000000401 is an unknown value
R13=0x00000000000d04be is an unknown value
R14=0x0 is NULL
R15=0x0 is NULL


Registers:
RAX=0x0000000000000000, RBX=0x0000000000000000, RCX=0x0000000000000000, RDX=0x0000000000000000
RSP=0x000000d0566fdf20, RBP=0x0000000000000000, RSI=0x000001fc22b127b0, RDI=0x000000d0566fe2a0
R8 =0x000000d0566fe2a0, R9 =0x0000000000000000, R10=0x00007ffbd7738c48, R11=0x0000000000000246
R12=0x0000000000000401, R13=0x00000000000d04be, R14=0x0000000000000000, R15=0x0000000000000000
RIP=0x00007ffbd772b766, EFLAGS=0x0000000000010202

Top of Stack: (sp=0x000000d0566fdf20)
0x000000d0566fdf20:   0000000000000578 0000000000000000
0x000000d0566fdf30:   0000000000000000 000000d0566fdf40
0x000000d0566fdf40:   000000d0566fe2a0 00007ffbd772a1a1
0x000000d0566fdf50:   0000000000000000 0000000000000401
0x000000d0566fdf60:   000001fc22b127b0 0000000000000000
0x000000d0566fdf70:   000000d0566fe2a0 00007ffbd771a299
0x000000d0566fdf80:   0000000000000401 00007ffbebc2f4a4
0x000000d0566fdf90:   000001fc2264c000 000001fc22b27801
0x000000d0566fdfa0:   fffffffffffffffe 00007ffba7330c8e
0x000000d0566fdfb0:   0000000000000000 00007ffbd77117a8
0x000000d0566fdfc0:   000001fc22b127b0 000000d0566fe2a0
0x000000d0566fdfd0:   0000000000000401 00000000000d04be
0x000000d0566fdfe0:   0000000000000000 00007ffbebc25c0d
0x000000d0566fdff0:   0000000000000001 000000d0566fe1e0
0x000000d0566fe000:   0000000000000000 0000000080000022
0x000000d0566fe010:   000000d0566fe0e0 000000d0566fdfc8 

Instructions: (pc=0x00007ffbd772b766)
0x00007ffbd772b666:   85 c0 74 08 48 8b c8 e8 ee 00 00 00 48 c7 05 93
0x00007ffbd772b676:   17 02 00 00 00 00 00 48 83 c4 28 c3 cc cc cc cc
0x00007ffbd772b686:   cc cc cc cc cc cc cc cc cc cc 48 89 5c 24 08 57
0x00007ffbd772b696:   48 83 ec 30 48 8b fa 48 8b d9 48 39 91 30 01 00
0x00007ffbd772b6a6:   00 0f 84 a5 00 00 00 e8 ae 00 00 00 48 8b 93 30
0x00007ffbd772b6b6:   01 00 00 48 85 d2 75 04 48 8b 53 08 48 89 54 24
0x00007ffbd772b6c6:   20 4c 8b c7 48 85 ff 75 04 4c 8b 43 08 48 8d 0d
0x00007ffbd772b6d6:   e6 f9 00 00 4c 89 44 24 28 e8 3c 80 fe ff 48 8b
0x00007ffbd772b6e6:   4c 24 20 4c 8d 44 24 20 48 8d 15 db f7 ff ff ff
0x00007ffbd772b6f6:   15 75 10 02 00 48 8b 05 de 13 02 00 48 85 c0 75
0x00007ffbd772b706:   04 33 c9 eb 03 8b 48 40 4c 8d 44 24 20 48 8d 15
0x00007ffbd772b716:   f6 f7 ff ff ff 15 58 10 02 00 48 89 bb 30 01 00
0x00007ffbd772b726:   00 e8 54 35 00 00 4c 8b 05 5d 17 02 00 48 8b c8
0x00007ffbd772b736:   48 8b 93 c0 00 00 00 4c 8b cf e8 eb 98 fe ff e8
0x00007ffbd772b746:   36 35 00 00 48 8b c8 e8 4e 34 00 00 48 8b 5c 24
0x00007ffbd772b756:   40 48 83 c4 30 5f c3 cc cc cc 40 57 48 83 ec 20
0x00007ffbd772b766:   48 8b 81 30 01 00 00 48 8b f9 48 85 c0 75 04 48
0x00007ffbd772b776:   8b 41 08 48 3b 05 90 16 02 00 75 3b 48 89 5c 24
0x00007ffbd772b786:   30 e8 f4 34 00 00 4c 8b 05 ed 16 02 00 48 8b c8
0x00007ffbd772b796:   48 8b 97 c0 00 00 00 48 8b d8 e8 8b 98 fe ff 48
0x00007ffbd772b7a6:   8b cb e8 f3 33 00 00 48 8b 5c 24 30 48 c7 05 53
0x00007ffbd772b7b6:   16 02 00 00 00 00 00 48 83 c4 20 5f c3 cc cc cc
0x00007ffbd772b7c6:   cc cc cc cc cc cc cc cc cc cc 40 53 48 83 ec 50
0x00007ffbd772b7d6:   48 8b 05 eb e9 01 00 48 33 c4 48 89 44 24 40 48
0x00007ffbd772b7e6:   8b d9 48 8b 49 08 ff 15 f6 0e 02 00 85 c0 0f 85
0x00007ffbd772b7f6:   21 01 00 00 48 8b 4b 08 48 8d 54 24 30 ff 15 1f
0x00007ffbd772b806:   0d 02 00 48 8b 4b 08 48 8d 54 24 20 ff 15 78 0d
0x00007ffbd772b816:   02 00 48 8b 4b 08 4c 8d 44 24 20 41 b9 02 00 00
0x00007ffbd772b826:   00 33 d2 ff 15 69 0d 02 00 8b 44 24 24 2b 44 24
0x00007ffbd772b836:   34 44 8b 44 24 20 44 2b 44 24 30 8b 54 24 3c 2b
0x00007ffbd772b846:   54 24 2c 8b 4c 24 38 2b 4c 24 28 89 83 1c 01 00
0x00007ffbd772b856:   00 44 89 83 18 01 00 00 89 93 24 01 00 00 89 8b 


Stack slot to memory mapping:
stack at sp + 0 slots: 0x0000000000000578 is an unknown value
stack at sp + 1 slots: 0x0 is NULL
stack at sp + 2 slots: 0x0 is NULL
stack at sp + 3 slots: 0x000000d0566fdf40 is pointing into the stack for thread: 0x000001fc22b27800
stack at sp + 4 slots: 0x000000d0566fe2a0 is pointing into the stack for thread: 0x000001fc22b27800
stack at sp + 5 slots: 0x00007ffbd772a1a1 glass.dll
stack at sp + 6 slots: 0x0 is NULL
stack at sp + 7 slots: 0x0000000000000401 is an unknown value


---------------  P R O C E S S  ---------------

Threads class SMR info:
_java_thread_list=0x000001fc23612c70, length=18, elements={
0x000001fc7d714800, 0x000001fc7fc72000, 0x000001fc7fc73000, 0x000001fc7fc8d000,
0x000001fc7fc90000, 0x000001fc7fc91000, 0x000001fc7fc94800, 0x000001fc7fc95800,
0x000001fc7fc9c000, 0x000001fc21ffa800, 0x000001fc224e8000, 0x000001fc2278e000,
0x000001fc22acb000, 0x000001fc229df000, 0x000001fc22b27800, 0x000001fc22bed000,
0x000001fc22d39800, 0x000001fc2c373800
}

Java Threads: ( => current thread )
  0x000001fc7d714800 JavaThread "main" [_thread_blocked, id=15388, stack(0x000000d054f00000,0x000000d055000000)]
  0x000001fc7fc72000 JavaThread "Reference Handler" daemon [_thread_blocked, id=3276, stack(0x000000d055600000,0x000000d055700000)]
  0x000001fc7fc73000 JavaThread "Finalizer" daemon [_thread_blocked, id=6592, stack(0x000000d055700000,0x000000d055800000)]
  0x000001fc7fc8d000 JavaThread "Signal Dispatcher" daemon [_thread_blocked, id=276, stack(0x000000d055800000,0x000000d055900000)]
  0x000001fc7fc90000 JavaThread "Attach Listener" daemon [_thread_blocked, id=13048, stack(0x000000d055900000,0x000000d055a00000)]
  0x000001fc7fc91000 JavaThread "Service Thread" daemon [_thread_blocked, id=7892, stack(0x000000d055a00000,0x000000d055b00000)]
  0x000001fc7fc94800 JavaThread "C2 CompilerThread0" daemon [_thread_blocked, id=8628, stack(0x000000d055b00000,0x000000d055c00000)]
  0x000001fc7fc95800 JavaThread "C1 CompilerThread0" daemon [_thread_blocked, id=14856, stack(0x000000d055c00000,0x000000d055d00000)]
  0x000001fc7fc9c000 JavaThread "Sweeper thread" daemon [_thread_blocked, id=12928, stack(0x000000d055d00000,0x000000d055e00000)]
  0x000001fc21ffa800 JavaThread "Common-Cleaner" daemon [_thread_blocked, id=2528, stack(0x000000d055e00000,0x000000d055f00000)]
  0x000001fc224e8000 JavaThread "Notification Thread" daemon [_thread_blocked, id=9944, stack(0x000000d056100000,0x000000d056200000)]
  0x000001fc2278e000 JavaThread "JavaFX-Launcher" [_thread_blocked, id=8236, stack(0x000000d056300000,0x000000d056400000)]
  0x000001fc22acb000 JavaThread "QuantumRenderer-0" daemon [_thread_blocked, id=8488, stack(0x000000d056400000,0x000000d056500000)]
  0x000001fc229df000 JavaThread "InvokeLaterDispatcher" daemon [_thread_blocked, id=10040, stack(0x000000d056500000,0x000000d056600000)]
=>0x000001fc22b27800 JavaThread "JavaFX Application Thread" [_thread_in_native, id=11412, stack(0x000000d056600000,0x000000d056700000)]
  0x000001fc22bed000 JavaThread "Thread-2" daemon [_thread_in_native, id=8792, stack(0x000000d056a00000,0x000000d056b00000)]
  0x000001fc22d39800 JavaThread "Prism Font Disposer" daemon [_thread_blocked, id=10884, stack(0x000000d057000000,0x000000d057100000)]
  0x000001fc2c373800 JavaThread "Cleaner-0" daemon [_thread_blocked, id=11416, stack(0x000000d057700000,0x000000d057800000)]

Other Threads:
  0x000001fc7fc6c000 VMThread "VM Thread" [stack: 0x000000d055500000,0x000000d055600000] [id=4244]
  0x000001fc2240c000 WatcherThread [stack: 0x000000d056200000,0x000000d056300000] [id=7688]
  0x000001fc7d77b000 GCTaskThread "GC Thread#0" [stack: 0x000000d055000000,0x000000d055100000] [id=9300]
  0x000001fc22be4000 GCTaskThread "GC Thread#1" [stack: 0x000000d056b00000,0x000000d056c00000] [id=10172]
  0x000001fc22be4800 GCTaskThread "GC Thread#2" [stack: 0x000000d056c00000,0x000000d056d00000] [id=14264]
  0x000001fc22be5800 GCTaskThread "GC Thread#3" [stack: 0x000000d056d00000,0x000000d056e00000] [id=4456]
  0x000001fc22be6000 GCTaskThread "GC Thread#4" [stack: 0x000000d056e00000,0x000000d056f00000] [id=1632]
  0x000001fc22be7000 GCTaskThread "GC Thread#5" [stack: 0x000000d056f00000,0x000000d057000000] [id=9072]
  0x000001fc7d79c800 ConcurrentGCThread "G1 Main Marker" [stack: 0x000000d055100000,0x000000d055200000] [id=11864]
  0x000001fc7d79e800 ConcurrentGCThread "G1 Conc#0" [stack: 0x000000d055200000,0x000000d055300000] [id=9904]
  0x000001fc7fbae800 ConcurrentGCThread "G1 Refine#0" [stack: 0x000000d055300000,0x000000d055400000] [id=16312]
  0x000001fc7fbb0000 ConcurrentGCThread "G1 Young RemSet Sampling" [stack: 0x000000d055400000,0x000000d055500000] [id=8168]

Threads with active compile tasks:

VM state:not at safepoint (normal execution)

VM Mutex/Monitor currently owned by a thread: None

Heap address: 0x0000000701c00000, size: 4068 MB, Compressed Oops mode: Zero based, Oop shift amount: 3
Narrow klass base: 0x0000000800000000, Narrow klass shift: 3
Compressed class space size: 1073741824 Address: 0x0000000800b30000

Heap:
 garbage-first heap   total 262144K, used 26520K [0x0000000701c00000, 0x0000000800000000)
  region size 1024K, 22 young (22528K), 4 survivors (4096K)
 Metaspace       used 16356K, capacity 17392K, committed 17664K, reserved 1064960K
  class space    used 2411K, capacity 2741K, committed 2816K, reserved 1048576K
Heap Regions: E=young(eden), S=young(survivor), O=old, HS=humongous(starts), HC=humongous(continues), CS=collection set, F=free, OA=open archive, CA=closed archive, TAMS=top-at-mark-start (previous, next)
|   0|0x0000000701c00000, 0x0000000701d00000, 0x0000000701d00000|100%| O|  |TAMS 0x0000000701c00000, 0x0000000701c00000| Untracked 
|   1|0x0000000701d00000, 0x0000000701e00000, 0x0000000701e00000|100%|HS|  |TAMS 0x0000000701d00000, 0x0000000701d00000| Complete 
|   2|0x0000000701e00000, 0x0000000701f00000, 0x0000000701f00000|100%|HC|  |TAMS 0x0000000701e00000, 0x0000000701e00000| Complete 
|   3|0x0000000701f00000, 0x0000000702000000, 0x0000000702000000|100%| O|  |TAMS 0x0000000701f00000, 0x0000000701f00000| Untracked 
|   4|0x0000000702000000, 0x0000000702100000, 0x0000000702100000|100%| O|  |TAMS 0x0000000702000000, 0x0000000702000000| Untracked 
|   5|0x0000000702100000, 0x000000070218c000, 0x0000000702200000| 54%| O|  |TAMS 0x0000000702100000, 0x0000000702100000| Untracked 
|   6|0x0000000702200000, 0x0000000702200000, 0x0000000702300000|  0%| F|  |TAMS 0x0000000702200000, 0x0000000702200000| Untracked 
|   7|0x0000000702300000, 0x0000000702300000, 0x0000000702400000|  0%| F|  |TAMS 0x0000000702300000, 0x0000000702300000| Untracked 
|   8|0x0000000702400000, 0x0000000702400000, 0x0000000702500000|  0%| F|  |TAMS 0x0000000702400000, 0x0000000702400000| Untracked 
|   9|0x0000000702500000, 0x0000000702500000, 0x0000000702600000|  0%| F|  |TAMS 0x0000000702500000, 0x0000000702500000| Untracked 
|  10|0x0000000702600000, 0x0000000702600000, 0x0000000702700000|  0%| F|  |TAMS 0x0000000702600000, 0x0000000702600000| Untracked 
|  11|0x0000000702700000, 0x0000000702700000, 0x0000000702800000|  0%| F|  |TAMS 0x0000000702700000, 0x0000000702700000| Untracked 
|  12|0x0000000702800000, 0x0000000702800000, 0x0000000702900000|  0%| F|  |TAMS 0x0000000702800000, 0x0000000702800000| Untracked 
|  13|0x0000000702900000, 0x0000000702900000, 0x0000000702a00000|  0%| F|  |TAMS 0x0000000702900000, 0x0000000702900000| Untracked 
|  14|0x0000000702a00000, 0x0000000702a00000, 0x0000000702b00000|  0%| F|  |TAMS 0x0000000702a00000, 0x0000000702a00000| Untracked 
|  15|0x0000000702b00000, 0x0000000702b00000, 0x0000000702c00000|  0%| F|  |TAMS 0x0000000702b00000, 0x0000000702b00000| Untracked 
|  16|0x0000000702c00000, 0x0000000702c00000, 0x0000000702d00000|  0%| F|  |TAMS 0x0000000702c00000, 0x0000000702c00000| Untracked 
|  17|0x0000000702d00000, 0x0000000702d00000, 0x0000000702e00000|  0%| F|  |TAMS 0x0000000702d00000, 0x0000000702d00000| Untracked 
|  18|0x0000000702e00000, 0x0000000702e00000, 0x0000000702f00000|  0%| F|  |TAMS 0x0000000702e00000, 0x0000000702e00000| Untracked 
|  19|0x0000000702f00000, 0x0000000702f00000, 0x0000000703000000|  0%| F|  |TAMS 0x0000000702f00000, 0x0000000702f00000| Untracked 
|  20|0x0000000703000000, 0x0000000703000000, 0x0000000703100000|  0%| F|  |TAMS 0x0000000703000000, 0x0000000703000000| Untracked 
|  21|0x0000000703100000, 0x0000000703100000, 0x0000000703200000|  0%| F|  |TAMS 0x0000000703100000, 0x0000000703100000| Untracked 
|  22|0x0000000703200000, 0x0000000703200000, 0x0000000703300000|  0%| F|  |TAMS 0x0000000703200000, 0x0000000703200000| Untracked 
|  23|0x0000000703300000, 0x0000000703300000, 0x0000000703400000|  0%| F|  |TAMS 0x0000000703300000, 0x0000000703300000| Untracked 
|  24|0x0000000703400000, 0x0000000703400000, 0x0000000703500000|  0%| F|  |TAMS 0x0000000703400000, 0x0000000703400000| Untracked 
|  25|0x0000000703500000, 0x0000000703500000, 0x0000000703600000|  0%| F|  |TAMS 0x0000000703500000, 0x0000000703500000| Untracked 
|  26|0x0000000703600000, 0x0000000703600000, 0x0000000703700000|  0%| F|  |TAMS 0x0000000703600000, 0x0000000703600000| Untracked 
|  27|0x0000000703700000, 0x0000000703700000, 0x0000000703800000|  0%| F|  |TAMS 0x0000000703700000, 0x0000000703700000| Untracked 
|  28|0x0000000703800000, 0x0000000703800000, 0x0000000703900000|  0%| F|  |TAMS 0x0000000703800000, 0x0000000703800000| Untracked 
|  29|0x0000000703900000, 0x0000000703900000, 0x0000000703a00000|  0%| F|  |TAMS 0x0000000703900000, 0x0000000703900000| Untracked 
|  30|0x0000000703a00000, 0x0000000703a00000, 0x0000000703b00000|  0%| F|  |TAMS 0x0000000703a00000, 0x0000000703a00000| Untracked 
|  31|0x0000000703b00000, 0x0000000703b00000, 0x0000000703c00000|  0%| F|  |TAMS 0x0000000703b00000, 0x0000000703b00000| Untracked 
|  32|0x0000000703c00000, 0x0000000703c00000, 0x0000000703d00000|  0%| F|  |TAMS 0x0000000703c00000, 0x0000000703c00000| Untracked 
|  33|0x0000000703d00000, 0x0000000703d00000, 0x0000000703e00000|  0%| F|  |TAMS 0x0000000703d00000, 0x0000000703d00000| Untracked 
|  34|0x0000000703e00000, 0x0000000703e00000, 0x0000000703f00000|  0%| F|  |TAMS 0x0000000703e00000, 0x0000000703e00000| Untracked 
|  35|0x0000000703f00000, 0x0000000703f00000, 0x0000000704000000|  0%| F|  |TAMS 0x0000000703f00000, 0x0000000703f00000| Untracked 
|  36|0x0000000704000000, 0x0000000704000000, 0x0000000704100000|  0%| F|  |TAMS 0x0000000704000000, 0x0000000704000000| Untracked 
|  37|0x0000000704100000, 0x0000000704100000, 0x0000000704200000|  0%| F|  |TAMS 0x0000000704100000, 0x0000000704100000| Untracked 
|  38|0x0000000704200000, 0x0000000704200000, 0x0000000704300000|  0%| F|  |TAMS 0x0000000704200000, 0x0000000704200000| Untracked 
|  39|0x0000000704300000, 0x0000000704300000, 0x0000000704400000|  0%| F|  |TAMS 0x0000000704300000, 0x0000000704300000| Untracked 
|  40|0x0000000704400000, 0x0000000704400000, 0x0000000704500000|  0%| F|  |TAMS 0x0000000704400000, 0x0000000704400000| Untracked 
|  41|0x0000000704500000, 0x0000000704500000, 0x0000000704600000|  0%| F|  |TAMS 0x0000000704500000, 0x0000000704500000| Untracked 
|  42|0x0000000704600000, 0x0000000704600000, 0x0000000704700000|  0%| F|  |TAMS 0x0000000704600000, 0x0000000704600000| Untracked 
|  43|0x0000000704700000, 0x0000000704700000, 0x0000000704800000|  0%| F|  |TAMS 0x0000000704700000, 0x0000000704700000| Untracked 
|  44|0x0000000704800000, 0x0000000704800000, 0x0000000704900000|  0%| F|  |TAMS 0x0000000704800000, 0x0000000704800000| Untracked 
|  45|0x0000000704900000, 0x0000000704900000, 0x0000000704a00000|  0%| F|  |TAMS 0x0000000704900000, 0x0000000704900000| Untracked 
|  46|0x0000000704a00000, 0x0000000704a00000, 0x0000000704b00000|  0%| F|  |TAMS 0x0000000704a00000, 0x0000000704a00000| Untracked 
|  47|0x0000000704b00000, 0x0000000704b00000, 0x0000000704c00000|  0%| F|  |TAMS 0x0000000704b00000, 0x0000000704b00000| Untracked 
|  48|0x0000000704c00000, 0x0000000704c00000, 0x0000000704d00000|  0%| F|  |TAMS 0x0000000704c00000, 0x0000000704c00000| Untracked 
|  49|0x0000000704d00000, 0x0000000704d00000, 0x0000000704e00000|  0%| F|  |TAMS 0x0000000704d00000, 0x0000000704d00000| Untracked 
|  50|0x0000000704e00000, 0x0000000704e00000, 0x0000000704f00000|  0%| F|  |TAMS 0x0000000704e00000, 0x0000000704e00000| Untracked 
|  51|0x0000000704f00000, 0x0000000704f00000, 0x0000000705000000|  0%| F|  |TAMS 0x0000000704f00000, 0x0000000704f00000| Untracked 
|  52|0x0000000705000000, 0x0000000705000000, 0x0000000705100000|  0%| F|  |TAMS 0x0000000705000000, 0x0000000705000000| Untracked 
|  53|0x0000000705100000, 0x0000000705100000, 0x0000000705200000|  0%| F|  |TAMS 0x0000000705100000, 0x0000000705100000| Untracked 
|  54|0x0000000705200000, 0x0000000705200000, 0x0000000705300000|  0%| F|  |TAMS 0x0000000705200000, 0x0000000705200000| Untracked 
|  55|0x0000000705300000, 0x0000000705300000, 0x0000000705400000|  0%| F|  |TAMS 0x0000000705300000, 0x0000000705300000| Untracked 
|  56|0x0000000705400000, 0x0000000705400000, 0x0000000705500000|  0%| F|  |TAMS 0x0000000705400000, 0x0000000705400000| Untracked 
|  57|0x0000000705500000, 0x0000000705500000, 0x0000000705600000|  0%| F|  |TAMS 0x0000000705500000, 0x0000000705500000| Untracked 
|  58|0x0000000705600000, 0x0000000705600000, 0x0000000705700000|  0%| F|  |TAMS 0x0000000705600000, 0x0000000705600000| Untracked 
|  59|0x0000000705700000, 0x0000000705700000, 0x0000000705800000|  0%| F|  |TAMS 0x0000000705700000, 0x0000000705700000| Untracked 
|  60|0x0000000705800000, 0x0000000705800000, 0x0000000705900000|  0%| F|  |TAMS 0x0000000705800000, 0x0000000705800000| Untracked 
|  61|0x0000000705900000, 0x0000000705900000, 0x0000000705a00000|  0%| F|  |TAMS 0x0000000705900000, 0x0000000705900000| Untracked 
|  62|0x0000000705a00000, 0x0000000705a00000, 0x0000000705b00000|  0%| F|  |TAMS 0x0000000705a00000, 0x0000000705a00000| Untracked 
|  63|0x0000000705b00000, 0x0000000705b00000, 0x0000000705c00000|  0%| F|  |TAMS 0x0000000705b00000, 0x0000000705b00000| Untracked 
|  64|0x0000000705c00000, 0x0000000705c00000, 0x0000000705d00000|  0%| F|  |TAMS 0x0000000705c00000, 0x0000000705c00000| Untracked 
|  65|0x0000000705d00000, 0x0000000705d00000, 0x0000000705e00000|  0%| F|  |TAMS 0x0000000705d00000, 0x0000000705d00000| Untracked 
|  66|0x0000000705e00000, 0x0000000705e00000, 0x0000000705f00000|  0%| F|  |TAMS 0x0000000705e00000, 0x0000000705e00000| Untracked 
|  67|0x0000000705f00000, 0x0000000705f00000, 0x0000000706000000|  0%| F|  |TAMS 0x0000000705f00000, 0x0000000705f00000| Untracked 
|  68|0x0000000706000000, 0x0000000706000000, 0x0000000706100000|  0%| F|  |TAMS 0x0000000706000000, 0x0000000706000000| Untracked 
|  69|0x0000000706100000, 0x0000000706100000, 0x0000000706200000|  0%| F|  |TAMS 0x0000000706100000, 0x0000000706100000| Untracked 
|  70|0x0000000706200000, 0x0000000706200000, 0x0000000706300000|  0%| F|  |TAMS 0x0000000706200000, 0x0000000706200000| Untracked 
|  71|0x0000000706300000, 0x0000000706300000, 0x0000000706400000|  0%| F|  |TAMS 0x0000000706300000, 0x0000000706300000| Untracked 
|  72|0x0000000706400000, 0x0000000706400000, 0x0000000706500000|  0%| F|  |TAMS 0x0000000706400000, 0x0000000706400000| Untracked 
|  73|0x0000000706500000, 0x0000000706500000, 0x0000000706600000|  0%| F|  |TAMS 0x0000000706500000, 0x0000000706500000| Untracked 
|  74|0x0000000706600000, 0x0000000706600000, 0x0000000706700000|  0%| F|  |TAMS 0x0000000706600000, 0x0000000706600000| Untracked 
|  75|0x0000000706700000, 0x0000000706700000, 0x0000000706800000|  0%| F|  |TAMS 0x0000000706700000, 0x0000000706700000| Untracked 
|  76|0x0000000706800000, 0x0000000706800000, 0x0000000706900000|  0%| F|  |TAMS 0x0000000706800000, 0x0000000706800000| Untracked 
|  77|0x0000000706900000, 0x0000000706900000, 0x0000000706a00000|  0%| F|  |TAMS 0x0000000706900000, 0x0000000706900000| Untracked 
|  78|0x0000000706a00000, 0x0000000706a00000, 0x0000000706b00000|  0%| F|  |TAMS 0x0000000706a00000, 0x0000000706a00000| Untracked 
|  79|0x0000000706b00000, 0x0000000706b00000, 0x0000000706c00000|  0%| F|  |TAMS 0x0000000706b00000, 0x0000000706b00000| Untracked 
|  80|0x0000000706c00000, 0x0000000706c00000, 0x0000000706d00000|  0%| F|  |TAMS 0x0000000706c00000, 0x0000000706c00000| Untracked 
|  81|0x0000000706d00000, 0x0000000706d00000, 0x0000000706e00000|  0%| F|  |TAMS 0x0000000706d00000, 0x0000000706d00000| Untracked 
|  82|0x0000000706e00000, 0x0000000706e00000, 0x0000000706f00000|  0%| F|  |TAMS 0x0000000706e00000, 0x0000000706e00000| Untracked 
|  83|0x0000000706f00000, 0x0000000706f00000, 0x0000000707000000|  0%| F|  |TAMS 0x0000000706f00000, 0x0000000706f00000| Untracked 
|  84|0x0000000707000000, 0x0000000707000000, 0x0000000707100000|  0%| F|  |TAMS 0x0000000707000000, 0x0000000707000000| Untracked 
|  85|0x0000000707100000, 0x0000000707100000, 0x0000000707200000|  0%| F|  |TAMS 0x0000000707100000, 0x0000000707100000| Untracked 
|  86|0x0000000707200000, 0x0000000707200000, 0x0000000707300000|  0%| F|  |TAMS 0x0000000707200000, 0x0000000707200000| Untracked 
|  87|0x0000000707300000, 0x0000000707300000, 0x0000000707400000|  0%| F|  |TAMS 0x0000000707300000, 0x0000000707300000| Untracked 
|  88|0x0000000707400000, 0x0000000707400000, 0x0000000707500000|  0%| F|  |TAMS 0x0000000707400000, 0x0000000707400000| Untracked 
|  89|0x0000000707500000, 0x0000000707500000, 0x0000000707600000|  0%| F|  |TAMS 0x0000000707500000, 0x0000000707500000| Untracked 
|  90|0x0000000707600000, 0x0000000707600000, 0x0000000707700000|  0%| F|  |TAMS 0x0000000707600000, 0x0000000707600000| Untracked 
|  91|0x0000000707700000, 0x0000000707700000, 0x0000000707800000|  0%| F|  |TAMS 0x0000000707700000, 0x0000000707700000| Untracked 
|  92|0x0000000707800000, 0x0000000707800000, 0x0000000707900000|  0%| F|  |TAMS 0x0000000707800000, 0x0000000707800000| Untracked 
|  93|0x0000000707900000, 0x0000000707900000, 0x0000000707a00000|  0%| F|  |TAMS 0x0000000707900000, 0x0000000707900000| Untracked 
|  94|0x0000000707a00000, 0x0000000707a00000, 0x0000000707b00000|  0%| F|  |TAMS 0x0000000707a00000, 0x0000000707a00000| Untracked 
|  95|0x0000000707b00000, 0x0000000707b00000, 0x0000000707c00000|  0%| F|  |TAMS 0x0000000707b00000, 0x0000000707b00000| Untracked 
|  96|0x0000000707c00000, 0x0000000707c00000, 0x0000000707d00000|  0%| F|  |TAMS 0x0000000707c00000, 0x0000000707c00000| Untracked 
|  97|0x0000000707d00000, 0x0000000707d00000, 0x0000000707e00000|  0%| F|  |TAMS 0x0000000707d00000, 0x0000000707d00000| Untracked 
|  98|0x0000000707e00000, 0x0000000707e00000, 0x0000000707f00000|  0%| F|  |TAMS 0x0000000707e00000, 0x0000000707e00000| Untracked 
|  99|0x0000000707f00000, 0x0000000707f00000, 0x0000000708000000|  0%| F|  |TAMS 0x0000000707f00000, 0x0000000707f00000| Untracked 
| 100|0x0000000708000000, 0x0000000708000000, 0x0000000708100000|  0%| F|  |TAMS 0x0000000708000000, 0x0000000708000000| Untracked 
| 101|0x0000000708100000, 0x0000000708100000, 0x0000000708200000|  0%| F|  |TAMS 0x0000000708100000, 0x0000000708100000| Untracked 
| 102|0x0000000708200000, 0x0000000708200000, 0x0000000708300000|  0%| F|  |TAMS 0x0000000708200000, 0x0000000708200000| Untracked 
| 103|0x0000000708300000, 0x0000000708300000, 0x0000000708400000|  0%| F|  |TAMS 0x0000000708300000, 0x0000000708300000| Untracked 
| 104|0x0000000708400000, 0x0000000708400000, 0x0000000708500000|  0%| F|  |TAMS 0x0000000708400000, 0x0000000708400000| Untracked 
| 105|0x0000000708500000, 0x0000000708500000, 0x0000000708600000|  0%| F|  |TAMS 0x0000000708500000, 0x0000000708500000| Untracked 
| 106|0x0000000708600000, 0x0000000708600000, 0x0000000708700000|  0%| F|  |TAMS 0x0000000708600000, 0x0000000708600000| Untracked 
| 107|0x0000000708700000, 0x0000000708700000, 0x0000000708800000|  0%| F|  |TAMS 0x0000000708700000, 0x0000000708700000| Untracked 
| 108|0x0000000708800000, 0x0000000708800000, 0x0000000708900000|  0%| F|  |TAMS 0x0000000708800000, 0x0000000708800000| Untracked 
| 109|0x0000000708900000, 0x0000000708900000, 0x0000000708a00000|  0%| F|  |TAMS 0x0000000708900000, 0x0000000708900000| Untracked 
| 110|0x0000000708a00000, 0x0000000708a00000, 0x0000000708b00000|  0%| F|  |TAMS 0x0000000708a00000, 0x0000000708a00000| Untracked 
| 111|0x0000000708b00000, 0x0000000708b00000, 0x0000000708c00000|  0%| F|  |TAMS 0x0000000708b00000, 0x0000000708b00000| Untracked 
| 112|0x0000000708c00000, 0x0000000708c00000, 0x0000000708d00000|  0%| F|  |TAMS 0x0000000708c00000, 0x0000000708c00000| Untracked 
| 113|0x0000000708d00000, 0x0000000708d00000, 0x0000000708e00000|  0%| F|  |TAMS 0x0000000708d00000, 0x0000000708d00000| Untracked 
| 114|0x0000000708e00000, 0x0000000708e00000, 0x0000000708f00000|  0%| F|  |TAMS 0x0000000708e00000, 0x0000000708e00000| Untracked 
| 115|0x0000000708f00000, 0x0000000708f00000, 0x0000000709000000|  0%| F|  |TAMS 0x0000000708f00000, 0x0000000708f00000| Untracked 
| 116|0x0000000709000000, 0x0000000709000000, 0x0000000709100000|  0%| F|  |TAMS 0x0000000709000000, 0x0000000709000000| Untracked 
| 117|0x0000000709100000, 0x0000000709100000, 0x0000000709200000|  0%| F|  |TAMS 0x0000000709100000, 0x0000000709100000| Untracked 
| 118|0x0000000709200000, 0x0000000709200000, 0x0000000709300000|  0%| F|  |TAMS 0x0000000709200000, 0x0000000709200000| Untracked 
| 119|0x0000000709300000, 0x0000000709300000, 0x0000000709400000|  0%| F|  |TAMS 0x0000000709300000, 0x0000000709300000| Untracked 
| 120|0x0000000709400000, 0x0000000709400000, 0x0000000709500000|  0%| F|  |TAMS 0x0000000709400000, 0x0000000709400000| Untracked 
| 121|0x0000000709500000, 0x0000000709500000, 0x0000000709600000|  0%| F|  |TAMS 0x0000000709500000, 0x0000000709500000| Untracked 
| 122|0x0000000709600000, 0x0000000709600000, 0x0000000709700000|  0%| F|  |TAMS 0x0000000709600000, 0x0000000709600000| Untracked 
| 123|0x0000000709700000, 0x0000000709700000, 0x0000000709800000|  0%| F|  |TAMS 0x0000000709700000, 0x0000000709700000| Untracked 
| 124|0x0000000709800000, 0x0000000709800000, 0x0000000709900000|  0%| F|  |TAMS 0x0000000709800000, 0x0000000709800000| Untracked 
| 125|0x0000000709900000, 0x0000000709900000, 0x0000000709a00000|  0%| F|  |TAMS 0x0000000709900000, 0x0000000709900000| Untracked 
| 126|0x0000000709a00000, 0x0000000709a00000, 0x0000000709b00000|  0%| F|  |TAMS 0x0000000709a00000, 0x0000000709a00000| Untracked 
| 127|0x0000000709b00000, 0x0000000709b00000, 0x0000000709c00000|  0%| F|  |TAMS 0x0000000709b00000, 0x0000000709b00000| Untracked 
| 128|0x0000000709c00000, 0x0000000709c00000, 0x0000000709d00000|  0%| F|  |TAMS 0x0000000709c00000, 0x0000000709c00000| Untracked 
| 129|0x0000000709d00000, 0x0000000709d00000, 0x0000000709e00000|  0%| F|  |TAMS 0x0000000709d00000, 0x0000000709d00000| Untracked 
| 130|0x0000000709e00000, 0x0000000709e00000, 0x0000000709f00000|  0%| F|  |TAMS 0x0000000709e00000, 0x0000000709e00000| Untracked 
| 131|0x0000000709f00000, 0x0000000709f00000, 0x000000070a000000|  0%| F|  |TAMS 0x0000000709f00000, 0x0000000709f00000| Untracked 
| 132|0x000000070a000000, 0x000000070a000000, 0x000000070a100000|  0%| F|  |TAMS 0x000000070a000000, 0x000000070a000000| Untracked 
| 133|0x000000070a100000, 0x000000070a100000, 0x000000070a200000|  0%| F|  |TAMS 0x000000070a100000, 0x000000070a100000| Untracked 
| 134|0x000000070a200000, 0x000000070a200000, 0x000000070a300000|  0%| F|  |TAMS 0x000000070a200000, 0x000000070a200000| Untracked 
| 135|0x000000070a300000, 0x000000070a300000, 0x000000070a400000|  0%| F|  |TAMS 0x000000070a300000, 0x000000070a300000| Untracked 
| 136|0x000000070a400000, 0x000000070a400000, 0x000000070a500000|  0%| F|  |TAMS 0x000000070a400000, 0x000000070a400000| Untracked 
| 137|0x000000070a500000, 0x000000070a500000, 0x000000070a600000|  0%| F|  |TAMS 0x000000070a500000, 0x000000070a500000| Untracked 
| 138|0x000000070a600000, 0x000000070a600000, 0x000000070a700000|  0%| F|  |TAMS 0x000000070a600000, 0x000000070a600000| Untracked 
| 139|0x000000070a700000, 0x000000070a700000, 0x000000070a800000|  0%| F|  |TAMS 0x000000070a700000, 0x000000070a700000| Untracked 
| 140|0x000000070a800000, 0x000000070a800000, 0x000000070a900000|  0%| F|  |TAMS 0x000000070a800000, 0x000000070a800000| Untracked 
| 141|0x000000070a900000, 0x000000070a900000, 0x000000070aa00000|  0%| F|  |TAMS 0x000000070a900000, 0x000000070a900000| Untracked 
| 142|0x000000070aa00000, 0x000000070aa00000, 0x000000070ab00000|  0%| F|  |TAMS 0x000000070aa00000, 0x000000070aa00000| Untracked 
| 143|0x000000070ab00000, 0x000000070ab00000, 0x000000070ac00000|  0%| F|  |TAMS 0x000000070ab00000, 0x000000070ab00000| Untracked 
| 144|0x000000070ac00000, 0x000000070ac00000, 0x000000070ad00000|  0%| F|  |TAMS 0x000000070ac00000, 0x000000070ac00000| Untracked 
| 145|0x000000070ad00000, 0x000000070ad00000, 0x000000070ae00000|  0%| F|  |TAMS 0x000000070ad00000, 0x000000070ad00000| Untracked 
| 146|0x000000070ae00000, 0x000000070ae00000, 0x000000070af00000|  0%| F|  |TAMS 0x000000070ae00000, 0x000000070ae00000| Untracked 
| 147|0x000000070af00000, 0x000000070af00000, 0x000000070b000000|  0%| F|  |TAMS 0x000000070af00000, 0x000000070af00000| Untracked 
| 148|0x000000070b000000, 0x000000070b000000, 0x000000070b100000|  0%| F|  |TAMS 0x000000070b000000, 0x000000070b000000| Untracked 
| 149|0x000000070b100000, 0x000000070b100000, 0x000000070b200000|  0%| F|  |TAMS 0x000000070b100000, 0x000000070b100000| Untracked 
| 150|0x000000070b200000, 0x000000070b200000, 0x000000070b300000|  0%| F|  |TAMS 0x000000070b200000, 0x000000070b200000| Untracked 
| 151|0x000000070b300000, 0x000000070b300000, 0x000000070b400000|  0%| F|  |TAMS 0x000000070b300000, 0x000000070b300000| Untracked 
| 152|0x000000070b400000, 0x000000070b400000, 0x000000070b500000|  0%| F|  |TAMS 0x000000070b400000, 0x000000070b400000| Untracked 
| 153|0x000000070b500000, 0x000000070b500000, 0x000000070b600000|  0%| F|  |TAMS 0x000000070b500000, 0x000000070b500000| Untracked 
| 154|0x000000070b600000, 0x000000070b600000, 0x000000070b700000|  0%| F|  |TAMS 0x000000070b600000, 0x000000070b600000| Untracked 
| 155|0x000000070b700000, 0x000000070b700000, 0x000000070b800000|  0%| F|  |TAMS 0x000000070b700000, 0x000000070b700000| Untracked 
| 156|0x000000070b800000, 0x000000070b800000, 0x000000070b900000|  0%| F|  |TAMS 0x000000070b800000, 0x000000070b800000| Untracked 
| 157|0x000000070b900000, 0x000000070b900000, 0x000000070ba00000|  0%| F|  |TAMS 0x000000070b900000, 0x000000070b900000| Untracked 
| 158|0x000000070ba00000, 0x000000070ba00000, 0x000000070bb00000|  0%| F|  |TAMS 0x000000070ba00000, 0x000000070ba00000| Untracked 
| 159|0x000000070bb00000, 0x000000070bb00000, 0x000000070bc00000|  0%| F|  |TAMS 0x000000070bb00000, 0x000000070bb00000| Untracked 
| 160|0x000000070bc00000, 0x000000070bc00000, 0x000000070bd00000|  0%| F|  |TAMS 0x000000070bc00000, 0x000000070bc00000| Untracked 
| 161|0x000000070bd00000, 0x000000070bd00000, 0x000000070be00000|  0%| F|  |TAMS 0x000000070bd00000, 0x000000070bd00000| Untracked 
| 162|0x000000070be00000, 0x000000070be00000, 0x000000070bf00000|  0%| F|  |TAMS 0x000000070be00000, 0x000000070be00000| Untracked 
| 163|0x000000070bf00000, 0x000000070bf00000, 0x000000070c000000|  0%| F|  |TAMS 0x000000070bf00000, 0x000000070bf00000| Untracked 
| 164|0x000000070c000000, 0x000000070c000000, 0x000000070c100000|  0%| F|  |TAMS 0x000000070c000000, 0x000000070c000000| Untracked 
| 165|0x000000070c100000, 0x000000070c100000, 0x000000070c200000|  0%| F|  |TAMS 0x000000070c100000, 0x000000070c100000| Untracked 
| 166|0x000000070c200000, 0x000000070c200000, 0x000000070c300000|  0%| F|  |TAMS 0x000000070c200000, 0x000000070c200000| Untracked 
| 167|0x000000070c300000, 0x000000070c300000, 0x000000070c400000|  0%| F|  |TAMS 0x000000070c300000, 0x000000070c300000| Untracked 
| 168|0x000000070c400000, 0x000000070c400000, 0x000000070c500000|  0%| F|  |TAMS 0x000000070c400000, 0x000000070c400000| Untracked 
| 169|0x000000070c500000, 0x000000070c500000, 0x000000070c600000|  0%| F|  |TAMS 0x000000070c500000, 0x000000070c500000| Untracked 
| 170|0x000000070c600000, 0x000000070c600000, 0x000000070c700000|  0%| F|  |TAMS 0x000000070c600000, 0x000000070c600000| Untracked 
| 171|0x000000070c700000, 0x000000070c700000, 0x000000070c800000|  0%| F|  |TAMS 0x000000070c700000, 0x000000070c700000| Untracked 
| 172|0x000000070c800000, 0x000000070c800000, 0x000000070c900000|  0%| F|  |TAMS 0x000000070c800000, 0x000000070c800000| Untracked 
| 173|0x000000070c900000, 0x000000070c900000, 0x000000070ca00000|  0%| F|  |TAMS 0x000000070c900000, 0x000000070c900000| Untracked 
| 174|0x000000070ca00000, 0x000000070ca00000, 0x000000070cb00000|  0%| F|  |TAMS 0x000000070ca00000, 0x000000070ca00000| Untracked 
| 175|0x000000070cb00000, 0x000000070cb00000, 0x000000070cc00000|  0%| F|  |TAMS 0x000000070cb00000, 0x000000070cb00000| Untracked 
| 176|0x000000070cc00000, 0x000000070cc00000, 0x000000070cd00000|  0%| F|  |TAMS 0x000000070cc00000, 0x000000070cc00000| Untracked 
| 177|0x000000070cd00000, 0x000000070cd00000, 0x000000070ce00000|  0%| F|  |TAMS 0x000000070cd00000, 0x000000070cd00000| Untracked 
| 178|0x000000070ce00000, 0x000000070ce00000, 0x000000070cf00000|  0%| F|  |TAMS 0x000000070ce00000, 0x000000070ce00000| Untracked 
| 179|0x000000070cf00000, 0x000000070cf00000, 0x000000070d000000|  0%| F|  |TAMS 0x000000070cf00000, 0x000000070cf00000| Untracked 
| 180|0x000000070d000000, 0x000000070d000000, 0x000000070d100000|  0%| F|  |TAMS 0x000000070d000000, 0x000000070d000000| Untracked 
| 181|0x000000070d100000, 0x000000070d100000, 0x000000070d200000|  0%| F|  |TAMS 0x000000070d100000, 0x000000070d100000| Untracked 
| 182|0x000000070d200000, 0x000000070d200000, 0x000000070d300000|  0%| F|  |TAMS 0x000000070d200000, 0x000000070d200000| Untracked 
| 183|0x000000070d300000, 0x000000070d300000, 0x000000070d400000|  0%| F|  |TAMS 0x000000070d300000, 0x000000070d300000| Untracked 
| 184|0x000000070d400000, 0x000000070d400000, 0x000000070d500000|  0%| F|  |TAMS 0x000000070d400000, 0x000000070d400000| Untracked 
| 185|0x000000070d500000, 0x000000070d500000, 0x000000070d600000|  0%| F|  |TAMS 0x000000070d500000, 0x000000070d500000| Untracked 
| 186|0x000000070d600000, 0x000000070d600000, 0x000000070d700000|  0%| F|  |TAMS 0x000000070d600000, 0x000000070d600000| Untracked 
| 187|0x000000070d700000, 0x000000070d700000, 0x000000070d800000|  0%| F|  |TAMS 0x000000070d700000, 0x000000070d700000| Untracked 
| 188|0x000000070d800000, 0x000000070d800000, 0x000000070d900000|  0%| F|  |TAMS 0x000000070d800000, 0x000000070d800000| Untracked 
| 189|0x000000070d900000, 0x000000070d900000, 0x000000070da00000|  0%| F|  |TAMS 0x000000070d900000, 0x000000070d900000| Untracked 
| 190|0x000000070da00000, 0x000000070da00000, 0x000000070db00000|  0%| F|  |TAMS 0x000000070da00000, 0x000000070da00000| Untracked 
| 191|0x000000070db00000, 0x000000070db00000, 0x000000070dc00000|  0%| F|  |TAMS 0x000000070db00000, 0x000000070db00000| Untracked 
| 192|0x000000070dc00000, 0x000000070dc00000, 0x000000070dd00000|  0%| F|  |TAMS 0x000000070dc00000, 0x000000070dc00000| Untracked 
| 193|0x000000070dd00000, 0x000000070dd00000, 0x000000070de00000|  0%| F|  |TAMS 0x000000070dd00000, 0x000000070dd00000| Untracked 
| 194|0x000000070de00000, 0x000000070de00000, 0x000000070df00000|  0%| F|  |TAMS 0x000000070de00000, 0x000000070de00000| Untracked 
| 195|0x000000070df00000, 0x000000070df00000, 0x000000070e000000|  0%| F|  |TAMS 0x000000070df00000, 0x000000070df00000| Untracked 
| 196|0x000000070e000000, 0x000000070e000000, 0x000000070e100000|  0%| F|  |TAMS 0x000000070e000000, 0x000000070e000000| Untracked 
| 197|0x000000070e100000, 0x000000070e100000, 0x000000070e200000|  0%| F|  |TAMS 0x000000070e100000, 0x000000070e100000| Untracked 
| 198|0x000000070e200000, 0x000000070e200000, 0x000000070e300000|  0%| F|  |TAMS 0x000000070e200000, 0x000000070e200000| Untracked 
| 199|0x000000070e300000, 0x000000070e300000, 0x000000070e400000|  0%| F|  |TAMS 0x000000070e300000, 0x000000070e300000| Untracked 
| 200|0x000000070e400000, 0x000000070e400000, 0x000000070e500000|  0%| F|  |TAMS 0x000000070e400000, 0x000000070e400000| Untracked 
| 201|0x000000070e500000, 0x000000070e500000, 0x000000070e600000|  0%| F|  |TAMS 0x000000070e500000, 0x000000070e500000| Untracked 
| 202|0x000000070e600000, 0x000000070e600000, 0x000000070e700000|  0%| F|  |TAMS 0x000000070e600000, 0x000000070e600000| Untracked 
| 203|0x000000070e700000, 0x000000070e700000, 0x000000070e800000|  0%| F|  |TAMS 0x000000070e700000, 0x000000070e700000| Untracked 
| 204|0x000000070e800000, 0x000000070e800000, 0x000000070e900000|  0%| F|  |TAMS 0x000000070e800000, 0x000000070e800000| Untracked 
| 205|0x000000070e900000, 0x000000070e900000, 0x000000070ea00000|  0%| F|  |TAMS 0x000000070e900000, 0x000000070e900000| Untracked 
| 206|0x000000070ea00000, 0x000000070ea00000, 0x000000070eb00000|  0%| F|  |TAMS 0x000000070ea00000, 0x000000070ea00000| Untracked 
| 207|0x000000070eb00000, 0x000000070eb00000, 0x000000070ec00000|  0%| F|  |TAMS 0x000000070eb00000, 0x000000070eb00000| Untracked 
| 208|0x000000070ec00000, 0x000000070ec00000, 0x000000070ed00000|  0%| F|  |TAMS 0x000000070ec00000, 0x000000070ec00000| Untracked 
| 209|0x000000070ed00000, 0x000000070ed00000, 0x000000070ee00000|  0%| F|  |TAMS 0x000000070ed00000, 0x000000070ed00000| Untracked 
| 210|0x000000070ee00000, 0x000000070ee00000, 0x000000070ef00000|  0%| F|  |TAMS 0x000000070ee00000, 0x000000070ee00000| Untracked 
| 211|0x000000070ef00000, 0x000000070ef00000, 0x000000070f000000|  0%| F|  |TAMS 0x000000070ef00000, 0x000000070ef00000| Untracked 
| 212|0x000000070f000000, 0x000000070f000000, 0x000000070f100000|  0%| F|  |TAMS 0x000000070f000000, 0x000000070f000000| Untracked 
| 213|0x000000070f100000, 0x000000070f100000, 0x000000070f200000|  0%| F|  |TAMS 0x000000070f100000, 0x000000070f100000| Untracked 
| 214|0x000000070f200000, 0x000000070f200000, 0x000000070f300000|  0%| F|  |TAMS 0x000000070f200000, 0x000000070f200000| Untracked 
| 215|0x000000070f300000, 0x000000070f300000, 0x000000070f400000|  0%| F|  |TAMS 0x000000070f300000, 0x000000070f300000| Untracked 
| 216|0x000000070f400000, 0x000000070f400000, 0x000000070f500000|  0%| F|  |TAMS 0x000000070f400000, 0x000000070f400000| Untracked 
| 217|0x000000070f500000, 0x000000070f500000, 0x000000070f600000|  0%| F|  |TAMS 0x000000070f500000, 0x000000070f500000| Untracked 
| 218|0x000000070f600000, 0x000000070f600000, 0x000000070f700000|  0%| F|  |TAMS 0x000000070f600000, 0x000000070f600000| Untracked 
| 219|0x000000070f700000, 0x000000070f75a358, 0x000000070f800000| 35%| S|CS|TAMS 0x000000070f700000, 0x000000070f700000| Complete 
| 220|0x000000070f800000, 0x000000070f900000, 0x000000070f900000|100%| S|CS|TAMS 0x000000070f800000, 0x000000070f800000| Complete 
| 221|0x000000070f900000, 0x000000070fa00000, 0x000000070fa00000|100%| S|CS|TAMS 0x000000070f900000, 0x000000070f900000| Complete 
| 222|0x000000070fa00000, 0x000000070fb00000, 0x000000070fb00000|100%| S|CS|TAMS 0x000000070fa00000, 0x000000070fa00000| Complete 
| 223|0x000000070fb00000, 0x000000070fb00000, 0x000000070fc00000|  0%| F|  |TAMS 0x000000070fb00000, 0x000000070fb00000| Untracked 
| 224|0x000000070fc00000, 0x000000070fc00000, 0x000000070fd00000|  0%| F|  |TAMS 0x000000070fc00000, 0x000000070fc00000| Untracked 
| 225|0x000000070fd00000, 0x000000070fd00000, 0x000000070fe00000|  0%| F|  |TAMS 0x000000070fd00000, 0x000000070fd00000| Untracked 
| 226|0x000000070fe00000, 0x000000070fe00000, 0x000000070ff00000|  0%| F|  |TAMS 0x000000070fe00000, 0x000000070fe00000| Untracked 
| 227|0x000000070ff00000, 0x000000070ff00000, 0x0000000710000000|  0%| F|  |TAMS 0x000000070ff00000, 0x000000070ff00000| Untracked 
| 228|0x0000000710000000, 0x0000000710000000, 0x0000000710100000|  0%| F|  |TAMS 0x0000000710000000, 0x0000000710000000| Untracked 
| 229|0x0000000710100000, 0x0000000710100000, 0x0000000710200000|  0%| F|  |TAMS 0x0000000710100000, 0x0000000710100000| Untracked 
| 230|0x0000000710200000, 0x0000000710200000, 0x0000000710300000|  0%| F|  |TAMS 0x0000000710200000, 0x0000000710200000| Untracked 
| 231|0x0000000710300000, 0x0000000710300000, 0x0000000710400000|  0%| F|  |TAMS 0x0000000710300000, 0x0000000710300000| Untracked 
| 232|0x0000000710400000, 0x0000000710400000, 0x0000000710500000|  0%| F|  |TAMS 0x0000000710400000, 0x0000000710400000| Untracked 
| 233|0x0000000710500000, 0x0000000710500000, 0x0000000710600000|  0%| F|  |TAMS 0x0000000710500000, 0x0000000710500000| Untracked 
| 234|0x0000000710600000, 0x0000000710600000, 0x0000000710700000|  0%| F|  |TAMS 0x0000000710600000, 0x0000000710600000| Untracked 
| 235|0x0000000710700000, 0x0000000710700000, 0x0000000710800000|  0%| F|  |TAMS 0x0000000710700000, 0x0000000710700000| Untracked 
| 236|0x0000000710800000, 0x0000000710800000, 0x0000000710900000|  0%| F|  |TAMS 0x0000000710800000, 0x0000000710800000| Untracked 
| 237|0x0000000710900000, 0x0000000710900000, 0x0000000710a00000|  0%| F|  |TAMS 0x0000000710900000, 0x0000000710900000| Untracked 
| 238|0x0000000710a00000, 0x0000000710a80800, 0x0000000710b00000| 50%| E|  |TAMS 0x0000000710a00000, 0x0000000710a00000| Complete 
| 239|0x0000000710b00000, 0x0000000710c00000, 0x0000000710c00000|100%| E|CS|TAMS 0x0000000710b00000, 0x0000000710b00000| Complete 
| 240|0x0000000710c00000, 0x0000000710d00000, 0x0000000710d00000|100%| E|CS|TAMS 0x0000000710c00000, 0x0000000710c00000| Complete 
| 241|0x0000000710d00000, 0x0000000710e00000, 0x0000000710e00000|100%| E|CS|TAMS 0x0000000710d00000, 0x0000000710d00000| Complete 
| 242|0x0000000710e00000, 0x0000000710f00000, 0x0000000710f00000|100%| E|CS|TAMS 0x0000000710e00000, 0x0000000710e00000| Complete 
| 243|0x0000000710f00000, 0x0000000711000000, 0x0000000711000000|100%| E|CS|TAMS 0x0000000710f00000, 0x0000000710f00000| Complete 
| 244|0x0000000711000000, 0x0000000711100000, 0x0000000711100000|100%| E|CS|TAMS 0x0000000711000000, 0x0000000711000000| Complete 
| 245|0x0000000711100000, 0x0000000711200000, 0x0000000711200000|100%| E|CS|TAMS 0x0000000711100000, 0x0000000711100000| Complete 
| 246|0x0000000711200000, 0x0000000711300000, 0x0000000711300000|100%| E|CS|TAMS 0x0000000711200000, 0x0000000711200000| Complete 
| 247|0x0000000711300000, 0x0000000711400000, 0x0000000711400000|100%| E|CS|TAMS 0x0000000711300000, 0x0000000711300000| Complete 
| 248|0x0000000711400000, 0x0000000711500000, 0x0000000711500000|100%| E|CS|TAMS 0x0000000711400000, 0x0000000711400000| Complete 
| 249|0x0000000711500000, 0x0000000711600000, 0x0000000711600000|100%| E|CS|TAMS 0x0000000711500000, 0x0000000711500000| Complete 
| 250|0x0000000711600000, 0x0000000711700000, 0x0000000711700000|100%| E|CS|TAMS 0x0000000711600000, 0x0000000711600000| Complete 
| 251|0x0000000711700000, 0x0000000711800000, 0x0000000711800000|100%| E|CS|TAMS 0x0000000711700000, 0x0000000711700000| Complete 
| 252|0x0000000711800000, 0x0000000711900000, 0x0000000711900000|100%| E|CS|TAMS 0x0000000711800000, 0x0000000711800000| Complete 
| 253|0x0000000711900000, 0x0000000711a00000, 0x0000000711a00000|100%| E|CS|TAMS 0x0000000711900000, 0x0000000711900000| Complete 
| 254|0x0000000711a00000, 0x0000000711b00000, 0x0000000711b00000|100%| E|CS|TAMS 0x0000000711a00000, 0x0000000711a00000| Complete 
| 255|0x0000000711b00000, 0x0000000711c00000, 0x0000000711c00000|100%| E|CS|TAMS 0x0000000711b00000, 0x0000000711b00000| Complete 

Card table byte_map: [0x000001fc7e330000,0x000001fc7eb30000] _byte_map_base: 0x000001fc7ab22000

Marking Bits (Prev, Next): (CMBitMap*) 0x000001fc7d77bee8, (CMBitMap*) 0x000001fc7d77bf28
 Prev Bits: [0x000001fc176d0000, 0x000001fc1b660000)
 Next Bits: [0x000001fc1b660000, 0x000001fc1f5f0000)

Polling page: 0x000001fc7b610000

Metaspace:

Usage:
  Non-class:     14.31 MB capacity,    13.62 MB ( 95%) used,   631.73 KB (  4%) free+waste,    74.75 KB ( <1%) overhead. 
      Class:      2.68 MB capacity,     2.36 MB ( 88%) used,   288.96 KB ( 11%) free+waste,    40.44 KB (  1%) overhead. 
       Both:     16.98 MB capacity,    15.97 MB ( 94%) used,   920.69 KB (  5%) free+waste,   115.19 KB ( <1%) overhead. 

Virtual space:
  Non-class space:       16.00 MB reserved,      14.50 MB ( 91%) committed 
      Class space:        1.00 GB reserved,       2.75 MB ( <1%) committed 
             Both:        1.02 GB reserved,      17.25 MB (  2%) committed 

Chunk freelists:
   Non-Class:  5.00 KB
       Class:  11.00 KB
        Both:  16.00 KB

MaxMetaspaceSize: 17179869184.00 GB
CompressedClassSpaceSize: 1.00 GB

CodeHeap 'non-profiled nmethods': size=120000Kb used=1305Kb max_used=1305Kb free=118694Kb
 bounds [0x000001fc101a0000, 0x000001fc10410000, 0x000001fc176d0000]
CodeHeap 'profiled nmethods': size=120000Kb used=5125Kb max_used=5125Kb free=114875Kb
 bounds [0x000001fc08c70000, 0x000001fc09180000, 0x000001fc101a0000]
CodeHeap 'non-nmethods': size=5760Kb used=1447Kb max_used=1485Kb free=4312Kb
 bounds [0x000001fc086d0000, 0x000001fc08940000, 0x000001fc08c70000]
 total_blobs=4355 nmethods=2714 adapters=686
 compilation: enabled
              stopped_count=0, restarted_count=0
 full_count=0

Compilation events (20 events):
Event: 9.074 Thread 0x000001fc7fc94800 nmethod 2708 0x000001fc102e5910 code [0x000001fc102e5a80, 0x000001fc102e5af8]
Event: 9.074 Thread 0x000001fc7fc95800 nmethod 2706 0x000001fc0916d590 code [0x000001fc0916d880, 0x000001fc0916edf8]
Event: 9.074 Thread 0x000001fc7fc95800 2707       3       com.sun.javafx.scene.input.PickResultChooser::toPickResult (41 bytes)
Event: 9.075 Thread 0x000001fc7fc95800 nmethod 2707 0x000001fc0916f510 code [0x000001fc0916f6c0, 0x000001fc0916f928]
Event: 9.075 Thread 0x000001fc7fc95800 2709       3       java.util.concurrent.locks.LockSupport::setCurrentBlocker (14 bytes)
Event: 9.075 Thread 0x000001fc7fc95800 nmethod 2709 0x000001fc0916fa10 code [0x000001fc0916fbc0, 0x000001fc0916fe78]
Event: 9.075 Thread 0x000001fc7fc95800 2710       3       java.util.concurrent.locks.AbstractQueuedSynchronizer$ConditionObject::canReacquire (28 bytes)
Event: 9.075 Thread 0x000001fc7fc95800 nmethod 2710 0x000001fc0916ff10 code [0x000001fc091700c0, 0x000001fc09170438]
Event: 9.093 Thread 0x000001fc7fc95800 2711       3       sun.nio.cs.SingleByte$Encoder::encode (32 bytes)
Event: 9.093 Thread 0x000001fc7fc94800 2712       4       java.lang.StringBuilder::<init> (7 bytes)
Event: 9.093 Thread 0x000001fc7fc95800 nmethod 2711 0x000001fc09170590 code [0x000001fc09170740, 0x000001fc09170918]
Event: 9.095 Thread 0x000001fc7fc94800 nmethod 2712 0x000001fc102e5c10 code [0x000001fc102e5da0, 0x000001fc102e5f58]
Event: 9.105 Thread 0x000001fc7fc94800 2713       4       java.nio.Buffer::remaining (10 bytes)
Event: 9.106 Thread 0x000001fc7fc95800 2715       3       java.nio.CharBuffer::arrayOffset (35 bytes)
Event: 9.106 Thread 0x000001fc7fc94800 nmethod 2713 0x000001fc102e6010 code [0x000001fc102e6180, 0x000001fc102e61f8]
Event: 9.106 Thread 0x000001fc7fc94800 2714       4       sun.nio.cs.SingleByte$Encoder::encode (32 bytes)
Event: 9.106 Thread 0x000001fc7fc95800 nmethod 2715 0x000001fc09170a90 code [0x000001fc09170c60, 0x000001fc09170f58]
Event: 9.106 Thread 0x000001fc7fc95800 2716       3       java.nio.charset.CoderResult::isUnderflow (13 bytes)
Event: 9.106 Thread 0x000001fc7fc95800 nmethod 2716 0x000001fc09171090 code [0x000001fc09171220, 0x000001fc09171398]
Event: 9.107 Thread 0x000001fc7fc94800 nmethod 2714 0x000001fc102e6310 code [0x000001fc102e64c0, 0x000001fc102e6678]

GC Heap History (4 events):
Event: 0.561 GC heap before
{Heap before GC invocations=0 (full 0):
 garbage-first heap   total 262144K, used 22528K [0x0000000701c00000, 0x0000000800000000)
  region size 1024K, 23 young (23552K), 0 survivors (0K)
 Metaspace       used 6301K, capacity 8482K, committed 8832K, reserved 1056768K
  class space    used 761K, capacity 1027K, committed 1152K, reserved 1048576K
}
Event: 0.565 GC heap after
{Heap after GC invocations=1 (full 0):
 garbage-first heap   total 262144K, used 3167K [0x0000000701c00000, 0x0000000800000000)
  region size 1024K, 3 young (3072K), 3 survivors (3072K)
 Metaspace       used 6301K, capacity 8482K, committed 8832K, reserved 1056768K
  class space    used 761K, capacity 1027K, committed 1152K, reserved 1048576K
}
Event: 3.791 GC heap before
{Heap before GC invocations=1 (full 0):
 garbage-first heap   total 262144K, used 34911K [0x0000000701c00000, 0x0000000800000000)
  region size 1024K, 33 young (33792K), 3 survivors (3072K)
 Metaspace       used 13072K, capacity 14174K, committed 14336K, reserved 1060864K
  class space    used 1775K, capacity 2001K, committed 2048K, reserved 1048576K
}
Event: 3.797 GC heap after
{Heap after GC invocations=2 (full 0):
 garbage-first heap   total 262144K, used 9112K [0x0000000701c00000, 0x0000000800000000)
  region size 1024K, 4 young (4096K), 4 survivors (4096K)
 Metaspace       used 13072K, capacity 14174K, committed 14336K, reserved 1060864K
  class space    used 1775K, capacity 2001K, committed 2048K, reserved 1048576K
}

Deoptimization events (20 events):
Event: 6.338 Thread 0x000001fc22b27800 DEOPT PACKING pc=0x000001fc102c4888 sp=0x000000d0566f8b70
Event: 6.338 Thread 0x000001fc22b27800 DEOPT UNPACKING pc=0x000001fc0871912f sp=0x000000d0566f8af8 mode 2
Event: 6.338 Thread 0x000001fc22b27800 Uncommon trap: trap_request=0xffffffde fr.pc=0x000001fc102c4888 relative=0x0000000000000128
Event: 6.338 Thread 0x000001fc22b27800 Uncommon trap: reason=class_check action=maybe_recompile pc=0x000001fc102c4888 method=jdk.internal.misc.Unsafe.allocateUninitializedArray(Ljava/lang/Class;I)Ljava/lang/Object; @ 51 c2
Event: 6.338 Thread 0x000001fc22b27800 DEOPT PACKING pc=0x000001fc102c4888 sp=0x000000d0566f8c60
Event: 6.338 Thread 0x000001fc22b27800 DEOPT UNPACKING pc=0x000001fc0871912f sp=0x000000d0566f8be8 mode 2
Event: 6.429 Thread 0x000001fc22b27800 Uncommon trap: trap_request=0xffffff45 fr.pc=0x000001fc102be05c relative=0x0000000000000ffc
Event: 6.429 Thread 0x000001fc22b27800 Uncommon trap: reason=unstable_if action=reinterpret pc=0x000001fc102be05c method=javafx.scene.CssStyleHelper.getStyle(Ljavafx/css/Styleable;Ljava/lang/String;Lcom/sun/javafx/css/StyleMap;Ljava/util/Set;)Lcom/sun/javafx/css/CascadingStyle; @ 1 c2
Event: 6.429 Thread 0x000001fc22b27800 DEOPT PACKING pc=0x000001fc102be05c sp=0x000000d0566f8230
Event: 6.429 Thread 0x000001fc22b27800 DEOPT UNPACKING pc=0x000001fc0871912f sp=0x000000d0566f81c8 mode 2
Event: 6.482 Thread 0x000001fc22acb000 Uncommon trap: trap_request=0xffffff45 fr.pc=0x000001fc102a4f00 relative=0x0000000000002d60
Event: 6.482 Thread 0x000001fc22acb000 Uncommon trap: reason=unstable_if action=reinterpret pc=0x000001fc102a4f00 method=com.sun.marlin.MaskMarlinAlphaConsumer.setAndClearRelativeAlphas([IIII)V @ 69 c2
Event: 6.482 Thread 0x000001fc22acb000 DEOPT PACKING pc=0x000001fc102a4f00 sp=0x000000d0564fd470
Event: 6.482 Thread 0x000001fc22acb000 DEOPT UNPACKING pc=0x000001fc0871912f sp=0x000000d0564fd1a0 mode 2
Event: 6.482 Thread 0x000001fc22acb000 Uncommon trap: trap_request=0xffffff45 fr.pc=0x000001fc102729d4 relative=0x00000000000028f4
Event: 6.482 Thread 0x000001fc22acb000 Uncommon trap: reason=unstable_if action=reinterpret pc=0x000001fc102729d4 method=com.sun.marlin.DRenderer._endRendering(IILcom/sun/marlin/MarlinAlphaConsumer;)V @ 2268 c2
Event: 6.482 Thread 0x000001fc22acb000 DEOPT PACKING pc=0x000001fc102729d4 sp=0x000000d0564fd420
Event: 6.482 Thread 0x000001fc22acb000 DEOPT UNPACKING pc=0x000001fc0871912f sp=0x000000d0564fd320 mode 2
Event: 8.961 Thread 0x000001fc22acb000 DEOPT PACKING pc=0x000001fc09130317 sp=0x000000d0564fdae0
Event: 8.961 Thread 0x000001fc22acb000 DEOPT UNPACKING pc=0x000001fc0871964e sp=0x000000d0564fcf18 mode 0

Classes unloaded (0 events):
No events

Classes redefined (0 events):
No events

Internal exceptions (20 events):
Event: 0.550 Thread 0x000001fc22b27800 Exception <a 'java/lang/NullPointerException'{0x0000000710551298}> (0x0000000710551298) 
thrown [./open/src/hotspot/share/interpreter/linkResolver.cpp, line 1348]
Event: 0.552 Thread 0x000001fc22b27800 Exception <a 'java/lang/NoSuchMethodError'{0x0000000710575b48}: 'void java.lang.invoke.DirectMethodHandle$Holder.invokeSpecial(java.lang.Object, java.lang.Object, java.lang.Object, java.lang.Object, java.lang.Object)'> (0x0000000710575b48) 
thrown [./open/src/hotspot/share/interpreter/linkResolver.cpp, line 766]
Event: 0.621 Thread 0x000001fc22b27800 Exception <a 'java/lang/NoSuchMethodError'{0x00000007118bc9d8}: 'java.lang.Object java.lang.invoke.Invokers$Holder.linkToTargetMethod(java.lang.Object, int, java.lang.Object)'> (0x00000007118bc9d8) 
thrown [./open/src/hotspot/share/interpreter/linkResolver.cpp, line 766]
Event: 0.697 Thread 0x000001fc22b27800 Exception <a 'java/lang/NoSuchMethodError'{0x0000000711290d58}: 'void java.lang.invoke.DirectMethodHandle$Holder.invokeStaticInit(java.lang.Object, java.lang.Object)'> (0x0000000711290d58) 
thrown [./open/src/hotspot/share/interpreter/linkResolver.cpp, line 766]
Event: 0.737 Thread 0x000001fc22b27800 Implicit null exception at 0x000001fc101feaa5 to 0x000001fc101fee8c
Event: 0.737 Thread 0x000001fc22b27800 Implicit null exception at 0x000001fc101be568 to 0x000001fc101be5fa
Event: 0.740 Thread 0x000001fc22b27800 Implicit null exception at 0x000001fc101be1af to 0x000001fc101be22d
Event: 0.827 Thread 0x000001fc22b27800 Exception <a 'java/lang/NoSuchMethodError'{0x0000000710ba8a68}: 'java.lang.Object java.lang.invoke.DirectMethodHandle$Holder.invokeInterface(java.lang.Object, java.lang.Object, java.lang.Object)'> (0x0000000710ba8a68) 
thrown [./open/src/hotspot/share/interpreter/linkResolver.cpp, line 766]
Event: 0.827 Thread 0x000001fc22b27800 Exception <a 'java/lang/IncompatibleClassChangeError'{0x0000000710bab8f8}: Found class java.lang.Object, but interface was expected> (0x0000000710bab8f8) 
thrown [./open/src/hotspot/share/interpreter/linkResolver.cpp, line 832]
Event: 0.891 Thread 0x000001fc22acb000 Exception <a 'java/lang/NoSuchMethodError'{0x000000071087e718}: 'int java.lang.invoke.DirectMethodHandle$Holder.invokeStaticInit(java.lang.Object, java.lang.Object)'> (0x000000071087e718) 
thrown [./open/src/hotspot/share/interpreter/linkResolver.cpp, line 766]
Event: 2.555 Thread 0x000001fc22b27800 Exception <a 'java/lang/NoSuchMethodError'{0x000000070fcdabf8}: 'java.lang.Object java.lang.invoke.DirectMethodHandle$Holder.invokeStatic(java.lang.Object, java.lang.Object, int, int, int, int, int, java.lang.Object)'> (0x000000070fcdabf8) 
thrown [./open/src/hotspot/share/interpreter/linkResolver.cpp, line 766]
Event: 2.558 Thread 0x000001fc22b27800 Exception <a 'java/lang/NoSuchMethodError'{0x000000070fcea108}: 'java.lang.Object java.lang.invoke.DirectMethodHandle$Holder.invokeStatic(java.lang.Object, java.lang.Object, java.lang.Object, int, int, int, int, int)'> (0x000000070fcea108) 
thrown [./open/src/hotspot/share/interpreter/linkResolver.cpp, line 766]
Event: 2.558 Thread 0x000001fc22b27800 Exception <a 'java/lang/NoSuchMethodError'{0x000000070fceff80}: 'java.lang.Object java.lang.invoke.Invokers$Holder.linkToTargetMethod(java.lang.Object, java.lang.Object, int, int, int, int, int, java.lang.Object)'> (0x000000070fceff80) 
thrown [./open/src/hotspot/share/interpreter/linkResolver.cpp, line 766]
Event: 2.562 Thread 0x000001fc22b27800 Exception <a 'java/lang/NoSuchMethodError'{0x000000070fb080c0}: 'long java.lang.invoke.DirectMethodHandle$Holder.invokeStatic(java.lang.Object, java.lang.Object, java.lang.Object)'> (0x000000070fb080c0) 
thrown [./open/src/hotspot/share/interpreter/linkResolver.cpp, line 766]
Event: 2.562 Thread 0x000001fc22b27800 Exception <a 'java/lang/NoSuchMethodError'{0x000000070fb0ad68}: 'long java.lang.invoke.DirectMethodHandle$Holder.invokeStaticInit(java.lang.Object, java.lang.Object, java.lang.Object)'> (0x000000070fb0ad68) 
thrown [./open/src/hotspot/share/interpreter/linkResolver.cpp, line 766]
Event: 2.565 Thread 0x000001fc22b27800 Exception <a 'java/lang/NoSuchMethodError'{0x000000070fb1f038}: 'java.lang.Object java.lang.invoke.Invokers$Holder.linkToTargetMethod(java.lang.Object, long, java.lang.Object)'> (0x000000070fb1f038) 
thrown [./open/src/hotspot/share/interpreter/linkResolver.cpp, line 766]
Event: 3.813 Thread 0x000001fc22b27800 Exception <a 'java/lang/ClassNotFoundException'{0x0000000711a66018}: com/sun/javafx/scene/control/skin/resources/controls> (0x0000000711a66018) 
thrown [./open/src/hotspot/share/prims/jni.cpp, line 620]
Event: 3.815 Thread 0x000001fc22b27800 Exception <a 'java/lang/ClassNotFoundException'{0x0000000711a73e08}: com/sun/javafx/scene/control/skin/resources/controls_en> (0x0000000711a73e08) 
thrown [./open/src/hotspot/share/prims/jni.cpp, line 620]
Event: 3.815 Thread 0x000001fc22b27800 Exception <a 'java/lang/ClassNotFoundException'{0x0000000711a769b0}: com/sun/javafx/scene/control/skin/resources/controls_en_US> (0x0000000711a769b0) 
thrown [./open/src/hotspot/share/prims/jni.cpp, line 620]
Event: 6.429 Thread 0x000001fc22b27800 Implicit null exception at 0x000001fc102bd0aa to 0x000001fc102be040

Events (20 events):
Event: 6.327 loading class java/lang/Class$AnnotationData
Event: 6.327 loading class java/lang/Class$AnnotationData done
Event: 6.328 loading class jdk/internal/reflect/UnsafeObjectFieldAccessorImpl
Event: 6.328 loading class jdk/internal/reflect/UnsafeObjectFieldAccessorImpl done
Event: 6.334 Thread 0x000001fc2bec0800 Thread added: 0x000001fc2bec0800
Event: 6.347 loading class java/io/CharArrayReader
Event: 6.347 loading class java/io/CharArrayReader done
Event: 6.347 loading class java/io/BufferedReader
Event: 6.347 loading class java/io/BufferedReader done
Event: 6.432 loading class java/util/BitSet
Event: 6.432 loading class java/util/BitSet done
Event: 6.483 Executing VM operation: HandshakeOneThread
Event: 6.483 Executing VM operation: HandshakeOneThread done
Event: 6.621 Thread 0x000001fc2bec0800 Thread exited: 0x000001fc2bec0800
Event: 9.092 loading class java/lang/Throwable$WrappedPrintStream
Event: 9.092 loading class java/lang/Throwable$PrintStreamOrWriter
Event: 9.092 loading class java/lang/Throwable$PrintStreamOrWriter done
Event: 9.092 loading class java/lang/Throwable$WrappedPrintStream done
Event: 9.092 loading class java/lang/StackTraceElement$HashedModules
Event: 9.093 loading class java/lang/StackTraceElement$HashedModules done


Dynamic libraries:
0x00007ff618cf0000 - 0x00007ff618cff000 	C:\Program Files\Java\jdk-14.0.1\bin\java.exe
0x00007ffbed6c0000 - 0x00007ffbed8b0000 	C:\WINDOWS\SYSTEM32\ntdll.dll
0x00007ffbecec0000 - 0x00007ffbecf72000 	C:\WINDOWS\System32\KERNEL32.DLL
0x00007ffbeb090000 - 0x00007ffbeb333000 	C:\WINDOWS\System32\KERNELBASE.dll
0x00007ffbeb540000 - 0x00007ffbeb63a000 	C:\WINDOWS\System32\ucrtbase.dll
0x00007ffbbde20000 - 0x00007ffbbde35000 	C:\Program Files\Java\jdk-14.0.1\bin\VCRUNTIME140.dll
0x00007ffbbd080000 - 0x00007ffbbd098000 	C:\Program Files\Java\jdk-14.0.1\bin\jli.dll
0x00007ffbec530000 - 0x00007ffbec5d3000 	C:\WINDOWS\System32\ADVAPI32.dll
0x00007ffbebab0000 - 0x00007ffbebb4e000 	C:\WINDOWS\System32\msvcrt.dll
0x00007ffbecd70000 - 0x00007ffbece07000 	C:\WINDOWS\System32\sechost.dll
0x00007ffbec7e0000 - 0x00007ffbec900000 	C:\WINDOWS\System32\RPCRT4.dll
0x00007ffbebc10000 - 0x00007ffbebda4000 	C:\WINDOWS\System32\USER32.dll
0x00007ffbdaf80000 - 0x00007ffbdb205000 	C:\WINDOWS\WinSxS\amd64_microsoft.windows.common-controls_6595b64144ccf1df_6.0.18362.778_none_e6c6b761130d4fb8\COMCTL32.dll
0x00007ffbeb340000 - 0x00007ffbeb361000 	C:\WINDOWS\System32\win32u.dll
0x00007ffbed640000 - 0x00007ffbed666000 	C:\WINDOWS\System32\GDI32.dll
0x00007ffbed2a0000 - 0x00007ffbed5d6000 	C:\WINDOWS\System32\combase.dll
0x00007ffbea670000 - 0x00007ffbea804000 	C:\WINDOWS\System32\gdi32full.dll
0x00007ffbeb4c0000 - 0x00007ffbeb540000 	C:\WINDOWS\System32\bcryptPrimitives.dll
0x00007ffbeb6d0000 - 0x00007ffbeb76e000 	C:\WINDOWS\System32\msvcp_win.dll
0x00007ffbe43b0000 - 0x00007ffbe43ba000 	C:\WINDOWS\SYSTEM32\VERSION.dll
0x00007ffbeb850000 - 0x00007ffbeb87e000 	C:\WINDOWS\System32\IMM32.DLL
0x00007ffbac5b0000 - 0x00007ffbac64b000 	C:\Program Files\Java\jdk-14.0.1\bin\msvcp140.dll
0x00007ffba6ff0000 - 0x00007ffba7b0e000 	C:\Program Files\Java\jdk-14.0.1\bin\server\jvm.dll
0x00007ffbed670000 - 0x00007ffbed678000 	C:\WINDOWS\System32\PSAPI.DLL
0x00007ffbd84e0000 - 0x00007ffbd84e9000 	C:\WINDOWS\SYSTEM32\WSOCK32.dll
0x00007ffbe6e40000 - 0x00007ffbe6e64000 	C:\WINDOWS\SYSTEM32\WINMM.dll
0x00007ffbec4c0000 - 0x00007ffbec52f000 	C:\WINDOWS\System32\WS2_32.dll
0x00007ffbe6e10000 - 0x00007ffbe6e3d000 	C:\WINDOWS\SYSTEM32\winmmbase.dll
0x00007ffbea8c0000 - 0x00007ffbea90a000 	C:\WINDOWS\System32\cfgmgr32.dll
0x00007ffbea590000 - 0x00007ffbea5a1000 	C:\WINDOWS\System32\kernel.appcore.dll
0x00007ffbd75d0000 - 0x00007ffbd75da000 	C:\Program Files\Java\jdk-14.0.1\bin\jimage.dll
0x00007ffbe8e60000 - 0x00007ffbe9054000 	C:\WINDOWS\SYSTEM32\DBGHELP.DLL
0x00007ffbd51f0000 - 0x00007ffbd521a000 	C:\WINDOWS\SYSTEM32\dbgcore.DLL
0x00007ffbbcd00000 - 0x00007ffbbcd25000 	C:\Program Files\Java\jdk-14.0.1\bin\java.dll
0x00007ffbbd040000 - 0x00007ffbbd056000 	C:\Program Files\Java\jdk-14.0.1\bin\zip.dll
0x00007ffbebdb0000 - 0x00007ffbec495000 	C:\WINDOWS\System32\SHELL32.dll
0x00007ffbece10000 - 0x00007ffbeceb9000 	C:\WINDOWS\System32\shcore.dll
0x00007ffbea910000 - 0x00007ffbeb090000 	C:\WINDOWS\System32\windows.storage.dll
0x00007ffbea620000 - 0x00007ffbea643000 	C:\WINDOWS\System32\profapi.dll
0x00007ffbea5d0000 - 0x00007ffbea61a000 	C:\WINDOWS\System32\powrprof.dll
0x00007ffbea580000 - 0x00007ffbea590000 	C:\WINDOWS\System32\UMPDC.dll
0x00007ffbec5e0000 - 0x00007ffbec632000 	C:\WINDOWS\System32\shlwapi.dll
0x00007ffbea650000 - 0x00007ffbea667000 	C:\WINDOWS\System32\cryptsp.dll
0x00007ffbbace0000 - 0x00007ffbbacf9000 	C:\Program Files\Java\jdk-14.0.1\bin\net.dll
0x00007ffbe0b50000 - 0x00007ffbe0c40000 	C:\WINDOWS\SYSTEM32\WINHTTP.dll
0x00007ffbe9df0000 - 0x00007ffbe9e57000 	C:\WINDOWS\system32\mswsock.dll
0x00007ffbb7120000 - 0x00007ffbb7132000 	C:\Program Files\Java\jdk-14.0.1\bin\nio.dll
0x000001fc7d630000 - 0x000001fc7d633000 	C:\Users\vitto\.openjfx\cache\14\api-ms-win-core-console-l1-1-0.dll
0x000001fc7d640000 - 0x000001fc7d643000 	C:\Users\vitto\.openjfx\cache\14\api-ms-win-core-datetime-l1-1-0.dll
0x000001fc7d650000 - 0x000001fc7d653000 	C:\Users\vitto\.openjfx\cache\14\api-ms-win-core-debug-l1-1-0.dll
0x000001fc7d660000 - 0x000001fc7d663000 	C:\Users\vitto\.openjfx\cache\14\api-ms-win-core-errorhandling-l1-1-0.dll
0x000001fc7d670000 - 0x000001fc7d674000 	C:\Users\vitto\.openjfx\cache\14\api-ms-win-core-file-l1-1-0.dll
0x000001fc7d680000 - 0x000001fc7d683000 	C:\Users\vitto\.openjfx\cache\14\api-ms-win-core-file-l1-2-0.dll
0x000001fc7d690000 - 0x000001fc7d693000 	C:\Users\vitto\.openjfx\cache\14\api-ms-win-core-file-l2-1-0.dll
0x000001fc7d6a0000 - 0x000001fc7d6a3000 	C:\Users\vitto\.openjfx\cache\14\api-ms-win-core-handle-l1-1-0.dll
0x000001fc7d6b0000 - 0x000001fc7d6b3000 	C:\Users\vitto\.openjfx\cache\14\api-ms-win-core-heap-l1-1-0.dll
0x000001fc7d6c0000 - 0x000001fc7d6c3000 	C:\Users\vitto\.openjfx\cache\14\api-ms-win-core-interlocked-l1-1-0.dll
0x000001fc7d6d0000 - 0x000001fc7d6d3000 	C:\Users\vitto\.openjfx\cache\14\api-ms-win-core-libraryloader-l1-1-0.dll
0x000001fc7ffd0000 - 0x000001fc7ffd3000 	C:\Users\vitto\.openjfx\cache\14\api-ms-win-core-localization-l1-2-0.dll
0x000001fc7ffe0000 - 0x000001fc7ffe3000 	C:\Users\vitto\.openjfx\cache\14\api-ms-win-core-memory-l1-1-0.dll
0x000001fc7fff0000 - 0x000001fc7fff3000 	C:\Users\vitto\.openjfx\cache\14\api-ms-win-core-namedpipe-l1-1-0.dll
0x000001fc239c0000 - 0x000001fc239c3000 	C:\Users\vitto\.openjfx\cache\14\api-ms-win-core-processenvironment-l1-1-0.dll
0x000001fc239d0000 - 0x000001fc239d3000 	C:\Users\vitto\.openjfx\cache\14\api-ms-win-core-processthreads-l1-1-0.dll
0x000001fc239e0000 - 0x000001fc239e3000 	C:\Users\vitto\.openjfx\cache\14\api-ms-win-core-processthreads-l1-1-1.dll
0x000001fc239f0000 - 0x000001fc239f3000 	C:\Users\vitto\.openjfx\cache\14\api-ms-win-core-profile-l1-1-0.dll
0x000001fc23a00000 - 0x000001fc23a03000 	C:\Users\vitto\.openjfx\cache\14\api-ms-win-core-rtlsupport-l1-1-0.dll
0x000001fc23a10000 - 0x000001fc23a13000 	C:\Users\vitto\.openjfx\cache\14\api-ms-win-core-string-l1-1-0.dll
0x000001fc23a20000 - 0x000001fc23a23000 	C:\Users\vitto\.openjfx\cache\14\api-ms-win-core-synch-l1-1-0.dll
0x000001fc23a30000 - 0x000001fc23a33000 	C:\Users\vitto\.openjfx\cache\14\api-ms-win-core-synch-l1-2-0.dll
0x000001fc23a40000 - 0x000001fc23a43000 	C:\Users\vitto\.openjfx\cache\14\api-ms-win-core-sysinfo-l1-1-0.dll
0x000001fc23a50000 - 0x000001fc23a53000 	C:\Users\vitto\.openjfx\cache\14\api-ms-win-core-timezone-l1-1-0.dll
0x000001fc23a60000 - 0x000001fc23a63000 	C:\Users\vitto\.openjfx\cache\14\api-ms-win-core-util-l1-1-0.dll
0x000001fc23a70000 - 0x000001fc23a73000 	C:\Users\vitto\.openjfx\cache\14\api-ms-win-crt-conio-l1-1-0.dll
0x000001fc23a80000 - 0x000001fc23a84000 	C:\Users\vitto\.openjfx\cache\14\api-ms-win-crt-convert-l1-1-0.dll
0x000001fc23a90000 - 0x000001fc23a93000 	C:\Users\vitto\.openjfx\cache\14\api-ms-win-crt-environment-l1-1-0.dll
0x000001fc23aa0000 - 0x000001fc23aa3000 	C:\Users\vitto\.openjfx\cache\14\api-ms-win-crt-filesystem-l1-1-0.dll
0x000001fc23ab0000 - 0x000001fc23ab3000 	C:\Users\vitto\.openjfx\cache\14\api-ms-win-crt-heap-l1-1-0.dll
0x000001fc23ac0000 - 0x000001fc23ac3000 	C:\Users\vitto\.openjfx\cache\14\api-ms-win-crt-locale-l1-1-0.dll
0x000001fc23ad0000 - 0x000001fc23ad5000 	C:\Users\vitto\.openjfx\cache\14\api-ms-win-crt-math-l1-1-0.dll
0x000001fc23ae0000 - 0x000001fc23ae5000 	C:\Users\vitto\.openjfx\cache\14\api-ms-win-crt-multibyte-l1-1-0.dll
0x000001fc23af0000 - 0x000001fc23b00000 	C:\Users\vitto\.openjfx\cache\14\api-ms-win-crt-private-l1-1-0.dll
0x000001fc23b00000 - 0x000001fc23b03000 	C:\Users\vitto\.openjfx\cache\14\api-ms-win-crt-process-l1-1-0.dll
0x000001fc23b10000 - 0x000001fc23b14000 	C:\Users\vitto\.openjfx\cache\14\api-ms-win-crt-runtime-l1-1-0.dll
0x000001fc23b20000 - 0x000001fc23b24000 	C:\Users\vitto\.openjfx\cache\14\api-ms-win-crt-stdio-l1-1-0.dll
0x000001fc23b30000 - 0x000001fc23b34000 	C:\Users\vitto\.openjfx\cache\14\api-ms-win-crt-string-l1-1-0.dll
0x000001fc23b40000 - 0x000001fc23b43000 	C:\Users\vitto\.openjfx\cache\14\api-ms-win-crt-time-l1-1-0.dll
0x000001fc23b50000 - 0x000001fc23b53000 	C:\Users\vitto\.openjfx\cache\14\api-ms-win-crt-utility-l1-1-0.dll
0x00007ffbb3110000 - 0x00007ffbb320c000 	C:\Users\vitto\.openjfx\cache\14\ucrtbase.dll
0x00007ffbe37f0000 - 0x00007ffbe3805000 	C:\Users\vitto\.openjfx\cache\14\vcruntime140.dll
0x00007ffbe3730000 - 0x00007ffbe37cb000 	C:\Users\vitto\.openjfx\cache\14\msvcp140.dll
0x00007ffbdf450000 - 0x00007ffbdf4a1000 	C:\Users\vitto\.openjfx\cache\14\concrt140.dll
0x00007ffbdfa90000 - 0x00007ffbdfab3000 	C:\Users\vitto\.openjfx\cache\14\prism_d3d.dll
0x00007ffbdef50000 - 0x00007ffbdf117000 	C:\WINDOWS\system32\d3d9.dll
0x00007ffbe8930000 - 0x00007ffbe895d000 	C:\WINDOWS\SYSTEM32\dwmapi.dll
0x00007ffbe91f0000 - 0x00007ffbe9210000 	C:\WINDOWS\SYSTEM32\dxcore.dll
0x00007ffbe8510000 - 0x00007ffbe85a9000 	C:\WINDOWS\system32\uxtheme.dll
0x00007ffbb0ed0000 - 0x00007ffbb1062000 	C:\WINDOWS\System32\DriverStore\FileRepository\igdlh64.inf_amd64_9f310939ec1eebf9\igdumdim64.dll
0x00007ffbe06c0000 - 0x00007ffbe0813000 	C:\WINDOWS\System32\DriverStore\FileRepository\igdlh64.inf_amd64_9f310939ec1eebf9\igdgmm64.dll
0x00007ffbd7710000 - 0x00007ffbd7755000 	C:\Users\vitto\.openjfx\cache\14\glass.dll
0x00007ffbecf80000 - 0x00007ffbed050000 	C:\WINDOWS\System32\COMDLG32.dll
0x00007ffbed0c0000 - 0x00007ffbed217000 	C:\WINDOWS\System32\ole32.dll
0x00007ffbeb780000 - 0x00007ffbeb844000 	C:\WINDOWS\System32\OLEAUT32.dll
0x00007ffbec640000 - 0x00007ffbec776000 	C:\WINDOWS\System32\MSCTF.dll
0x00007ffb8f840000 - 0x00007ffb93457000 	C:\WINDOWS\System32\DriverStore\FileRepository\igdlh64.inf_amd64_9f310939ec1eebf9\igd9dxva64.dll
0x00007ffbbb110000 - 0x00007ffbbb132000 	C:\WINDOWS\System32\DriverStore\FileRepository\igdlh64.inf_amd64_9f310939ec1eebf9\igdinfo64.dll
0x00007ffbdb4a0000 - 0x00007ffbdd81f000 	C:\WINDOWS\System32\DriverStore\FileRepository\igdlh64.inf_amd64_9f310939ec1eebf9\igc64.dll
0x00007ffbe3710000 - 0x00007ffbe3724000 	C:\Users\vitto\.openjfx\cache\14\javafx_font.dll
0x00007ffbb8ac0000 - 0x00007ffbb8dbe000 	C:\WINDOWS\SYSTEM32\dwrite.dll
0x00007ffbebb50000 - 0x00007ffbebbf2000 	C:\WINDOWS\System32\clbcatq.dll
0x00007ffbe4e70000 - 0x00007ffbe501f000 	C:\WINDOWS\SYSTEM32\WindowsCodecs.dll
0x00007ffbcb5a0000 - 0x00007ffbcb5da000 	C:\WINDOWS\system32\dataexchange.dll
0x00007ffbe7530000 - 0x00007ffbe778b000 	C:\WINDOWS\system32\d3d11.dll
0x00007ffbe7bf0000 - 0x00007ffbe7dcc000 	C:\WINDOWS\system32\dcomp.dll
0x00007ffbe9280000 - 0x00007ffbe936b000 	C:\WINDOWS\system32\dxgi.dll
0x00007ffbe85e0000 - 0x00007ffbe883a000 	C:\WINDOWS\system32\twinapi.appcore.dll
0x00007ffbe8a40000 - 0x00007ffbe8a69000 	C:\WINDOWS\system32\RMCLIENT.dll
0x00007ffbe4d20000 - 0x00007ffbe4d53000 	C:\Program Files\Common Files\Microsoft Shared\Ink\rtscom.dll
0x00007ffbe6f40000 - 0x00007ffbe7500000 	C:\WINDOWS\SYSTEM32\d2d1.dll
0x00007ffbe1440000 - 0x00007ffbe1b81000 	C:\WINDOWS\SYSTEM32\D3D10Warp.dll
0x00007ffbc2c60000 - 0x00007ffbc2cfe000 	C:\WINDOWS\System32\TextInputFramework.dll
0x00007ffbe6090000 - 0x00007ffbe63ba000 	C:\WINDOWS\System32\CoreUIComponents.dll
0x00007ffbe8140000 - 0x00007ffbe8214000 	C:\WINDOWS\System32\CoreMessaging.dll
0x00007ffbe95e0000 - 0x00007ffbe9611000 	C:\WINDOWS\SYSTEM32\ntmarta.dll
0x00007ffbe5c60000 - 0x00007ffbe5db3000 	C:\WINDOWS\SYSTEM32\wintypes.dll
0x00007ffbd4130000 - 0x00007ffbd43d6000 	C:\WINDOWS\System32\iertutil.dll

dbghelp: loaded successfully - version: 4.0.5 - missing functions: none
symbol engine: initialized successfully - sym options: 0x614 - pdb path: .;C:\Program Files\Java\jdk-14.0.1\bin;C:\WINDOWS\SYSTEM32;C:\WINDOWS\WinSxS\amd64_microsoft.windows.common-controls_6595b64144ccf1df_6.0.18362.778_none_e6c6b761130d4fb8;C:\Program Files\Java\jdk-14.0.1\bin\server;C:\Users\vitto\.openjfx\cache\14;C:\WINDOWS\System32\DriverStore\FileRepository\igdlh64.inf_amd64_9f310939ec1eebf9;C:\Program Files\Common Files\Microsoft Shared\Ink

VM Arguments:
jvm_args: --add-modules=javafx.controls,javafx.fxml --module-path=C:\Users\vitto\.gradle\caches\modules-2\files-2.1\org.openjfx\javafx-fxml\14\71c819f0445fc613f631698c495d9ae92a35b041\javafx-fxml-14-win.jar;C:\Users\vitto\.gradle\caches\modules-2\files-2.1\org.openjfx\javafx-controls\14\f0f836ec9d1dd5ce0f3776cd2a87949e5191e085\javafx-controls-14-win.jar;C:\Users\vitto\.gradle\caches\modules-2\files-2.1\org.openjfx\javafx-graphics\14\ed1f8b8c5893d2d62e7c1fc66c9ba06dfe02787d\javafx-graphics-14-win.jar;C:\Users\vitto\.gradle\caches\modules-2\files-2.1\org.openjfx\javafx-base\14\956a9be2db3fe917ebfc24c2d04ab0cb5d6714c7\javafx-base-14-win.jar -Dfile.encoding=windows-1252 -Duser.country=US -Duser.language=en -Duser.variant 
java_command: it.unicam.cs.pa.jbudget100763.Main
java_class_path (initial): C:\Users\vitto\Documents\GitHub\PA2020\build\classes\java\main;C:\Users\vitto\Documents\GitHub\PA2020\build\resources\main;C:\Users\vitto\.gradle\caches\modules-2\files-2.1\com.google.guava\guava\28.2-jre\8ec9ed76528425762174f0011ce8f74ad845b756\guava-28.2-jre.jar;C:\Users\vitto\.gradle\caches\modules-2\files-2.1\org.openjfx\javafx-fxml\14\71c819f0445fc613f631698c495d9ae92a35b041\javafx-fxml-14-win.jar;C:\Users\vitto\.gradle\caches\modules-2\files-2.1\org.openjfx\javafx-controls\14\f0f836ec9d1dd5ce0f3776cd2a87949e5191e085\javafx-controls-14-win.jar;C:\Users\vitto\.gradle\caches\modules-2\files-2.1\org.openjfx\javafx-controls\14\312b419feb6d5d927c80dafe13f8770bb5ff5b77\javafx-controls-14.jar;C:\Users\vitto\.gradle\caches\modules-2\files-2.1\org.openjfx\javafx-graphics\14\ed1f8b8c5893d2d62e7c1fc66c9ba06dfe02787d\javafx-graphics-14-win.jar;C:\Users\vitto\.gradle\caches\modules-2\files-2.1\org.openjfx\javafx-graphics\14\132514c6e75c58dd34592dad8d356f78c3f0a680\javafx-graphics-14.jar;C:\Users\vitto\.gradle\caches\modules-2\files-2.1\org.openjfx\javafx-base\14\956a9be2db3fe917ebfc24c2d04ab0cb5d6714c7\javafx-base-14-win.jar;C:\Users\vitto\.gradle\caches\modules-2\files-2.1\org.openjfx\javafx-base\14\4eddcdd8713831212ec9b396169959655cf0dc21\javafx-base-14.jar;C:\Users\vitto\.gradle\caches\modules-2\files-2.1\com.google.guava\failureaccess\1.0.1\1dcf1de382a0bf95a3d8b0849546c88bac1292c9\failureaccess-1.0.1.jar;C:\Users\vitto\.gradle\caches\modules-2\files-2.1\com.google.guava\listenablefuture\9999.0-empty-to-avoid-conflict-with-guava\b421526c5f297295adef1c886e5246c39d4ac629\listenablefuture-9999.0-empty-to-avoid-conflict-with-guava.jar;C:\Users\vitto\.gradle\caches\modules-2\files-2.1\com.google.code.findbugs\jsr305\3.0.2\25ea2e8b0c338a877313bd4672d3fe056ea78f0d\jsr305-3.0.2.jar;C:\Users\vitto\.gradle\caches\modules-2\files-2.1\org.checkerframework\checker-qual\2.10.0\5786699a0cb71f9dc32e6cca1d665eef07a0882f\checker-qual-2.10.0.jar;C:\Users\vitto\
Launcher Type: SUN_STANDARD

[Global flags]
     intx CICompilerCount                          = 4                                         {product} {ergonomic}
     uint ConcGCThreads                            = 2                                         {product} {ergonomic}
     uint G1ConcRefinementThreads                  = 8                                         {product} {ergonomic}
   size_t G1HeapRegionSize                         = 1048576                                   {product} {ergonomic}
    uintx GCDrainStackTargetSize                   = 64                                        {product} {ergonomic}
   size_t InitialHeapSize                          = 268435456                                 {product} {ergonomic}
   size_t MarkStackSize                            = 4194304                                   {product} {ergonomic}
   size_t MaxHeapSize                              = 4265607168                                {product} {ergonomic}
   size_t MaxNewSize                               = 2558525440                                {product} {ergonomic}
   size_t MinHeapDeltaBytes                        = 1048576                                   {product} {ergonomic}
   size_t MinHeapSize                              = 8388608                                   {product} {ergonomic}
    uintx NonNMethodCodeHeapSize                   = 5839372                                {pd product} {ergonomic}
    uintx NonProfiledCodeHeapSize                  = 122909434                              {pd product} {ergonomic}
    uintx ProfiledCodeHeapSize                     = 122909434                              {pd product} {ergonomic}
    uintx ReservedCodeCacheSize                    = 251658240                              {pd product} {ergonomic}
     bool SegmentedCodeCache                       = true                                      {product} {ergonomic}
   size_t SoftMaxHeapSize                          = 4265607168                             {manageable} {ergonomic}
     bool UseCompressedClassPointers               = true                                 {lp64_product} {ergonomic}
     bool UseCompressedOops                        = true                                 {lp64_product} {ergonomic}
     bool UseG1GC                                  = true                                      {product} {ergonomic}
     bool UseLargePagesIndividualAllocation        = false                                  {pd product} {ergonomic}

Logging:
Log output configuration:
 #0: stdout all=warning uptime,level,tags
 #1: stderr all=off uptime,level,tags

Environment Variables:
JAVA_HOME=C:\Program Files\Java\jdk-14.0.1
CLASSPATH=C:\Gradle\gradle-6.5\lib\gradle-launcher-6.5.jar
PATH=C:\Program Files (x86)\Intel\iCLS Client\;C:\Program Files\Intel\iCLS Client\;C:\Windows\system32;C:\Windows;C:\Windows\System32\Wbem;C:\Windows\System32\WindowsPowerShell\v1.0\;C:\Program Files (x86)\Intel\Intel(R) Management Engine Components\DAL;C:\Program Files\Intel\Intel(R) Management Engine Components\DAL;C:\Program Files (x86)\Intel\Intel(R) Management Engine Components\IPT;C:\Program Files\Intel\Intel(R) Management Engine Components\IPT;C:\Program Files (x86)\NVIDIA Corporation\PhysX\Common;C:\WINDOWS\system32;C:\WINDOWS;C:\WINDOWS\System32\Wbem;C:\WINDOWS\System32\WindowsPowerShell\v1.0\;C:\WINDOWS\System32\OpenSSH\;C:\Program Files\Intel\WiFi\bin\;C:\Program Files\Common Files\Intel\WirelessCommon\;C:\Program Files\nodejs\;C:\Program Files\Microsoft SQL Server\Client SDK\ODBC\130\Tools\Binn\;C:\Program Files (x86)\Microsoft SQL Server\140\Tools\Binn\;C:\Program Files\Microsoft SQL Server\140\Tools\Binn\;C:\Program Files\Microsoft SQL Server\140\DTS\Binn\;C:\Program Files\Git\cmd;C:\Program Files\dotnet\;C:\MinGW\bin;C:\Gradle\gradle-6.5\bin;C:\Program Files\MySQL\MySQL Shell 8.0\bin\;C:\Users\vitto\AppData\Local\Programs\AdoptOpenJDK\bin;C:\Users\vitto\AppData\Local\Microsoft\WindowsApps;C:\Users\vitto\AppData\Local\Programs\Microsoft VS Code\bin;C:\Users\vitto\AppData\Roaming\npm;C:\Users\vitto\AppData\Local\GitHubDesktop\bin;C:\Program Files (x86)\Dev-Cpp\MinGW64\bin;
USERNAME=vitto
OS=Windows_NT
PROCESSOR_IDENTIFIER=Intel64 Family 6 Model 158 Stepping 9, GenuineIntel



---------------  S Y S T E M  ---------------

OS: Windows 10 , 64 bit Build 18362 (10.0.18362.778)
OS uptime: 2 days 6:41 hours

CPU:total 8 (initial active 8) (4 cores per cpu, 2 threads per core) family 6 model 158 stepping 9, cmov, cx8, fxsr, mmx, sse, sse2, sse3, ssse3, sse4.1, sse4.2, popcnt, avx, avx2, aes, clmul, erms, 3dnowpref, lzcnt, ht, tsc, tscinvbit, bmi1, bmi2, adx, fma

Memory: 4k page, system-wide physical 16265M (7483M free)
TotalPageFile size 18697M (AvailPageFile size 5829M)
current process WorkingSet (physical memory assigned to process): 170M, peak: 184M
current process commit charge ("private bytes"): 435M, peak: 450M

vm_info: Java HotSpot(TM) 64-Bit Server VM (14.0.1+7) for windows-amd64 JRE (14.0.1+7), built on Mar  5 2020 10:30:14 by "mach5one" with MS VC++ 15.9 (VS2017)

END.
